[2023-02-18T00:49:51.510+0000] {taskinstance.py:1083} INFO - Dependencies all met for <TaskInstance: booking_ingestion.load_data manual__2023-02-18T00:49:48.531259+00:00 [queued]>
[2023-02-18T00:49:51.518+0000] {taskinstance.py:1083} INFO - Dependencies all met for <TaskInstance: booking_ingestion.load_data manual__2023-02-18T00:49:48.531259+00:00 [queued]>
[2023-02-18T00:49:51.520+0000] {taskinstance.py:1279} INFO - 
--------------------------------------------------------------------------------
[2023-02-18T00:49:51.523+0000] {taskinstance.py:1280} INFO - Starting attempt 1 of 1
[2023-02-18T00:49:51.524+0000] {taskinstance.py:1281} INFO - 
--------------------------------------------------------------------------------
[2023-02-18T00:49:51.539+0000] {taskinstance.py:1300} INFO - Executing <Task(PythonOperator): load_data> on 2023-02-18 00:49:48.531259+00:00
[2023-02-18T00:49:51.546+0000] {standard_task_runner.py:55} INFO - Started process 780 to run task
[2023-02-18T00:49:51.550+0000] {standard_task_runner.py:82} INFO - Running: ['***', 'tasks', 'run', 'booking_ingestion', 'load_data', 'manual__2023-02-18T00:49:48.531259+00:00', '--job-id', '271', '--raw', '--subdir', 'DAGS_FOLDER/data_ingestion_dag/main.py', '--cfg-path', '/tmp/tmpro1582lz']
[2023-02-18T00:49:51.554+0000] {standard_task_runner.py:83} INFO - Job 271: Subtask load_data
[2023-02-18T00:49:51.683+0000] {task_command.py:388} INFO - Running <TaskInstance: booking_ingestion.load_data manual__2023-02-18T00:49:48.531259+00:00 [running]> on host d92f32803fb9
[2023-02-18T00:49:51.788+0000] {taskinstance.py:1509} INFO - Exporting the following env vars:
AIRFLOW_CTX_DAG_OWNER=***
AIRFLOW_CTX_DAG_ID=booking_ingestion
AIRFLOW_CTX_TASK_ID=load_data
AIRFLOW_CTX_EXECUTION_DATE=2023-02-18T00:49:48.531259+00:00
AIRFLOW_CTX_TRY_NUMBER=1
AIRFLOW_CTX_DAG_RUN_ID=manual__2023-02-18T00:49:48.531259+00:00
[2023-02-18T00:49:51.828+0000] {warnings.py:110} WARNING - /opt/***/dags/data_ingestion_dag/main.py:41: FutureWarning: In a future version of pandas all arguments of DataFrame.drop except for the argument 'labels' will be keyword-only
  data = data.drop('address', 1)

[2023-02-18T00:49:51.848+0000] {python.py:177} INFO - Done. Returned value was: None
[2023-02-18T00:49:51.865+0000] {taskinstance.py:1323} INFO - Marking task as SUCCESS. dag_id=booking_ingestion, task_id=load_data, execution_date=20230218T004948, start_date=20230218T004951, end_date=20230218T004951
[2023-02-18T00:49:51.934+0000] {local_task_job.py:208} INFO - Task exited with return code 0
[2023-02-18T00:49:51.955+0000] {taskinstance.py:2578} INFO - 0 downstream tasks scheduled from follow-on schedule check
