[2023-02-18T10:05:11.324+0000] {taskinstance.py:1083} INFO - Dependencies all met for <TaskInstance: tutorial_dag.transform manual__2023-02-18T10:05:08.950142+00:00 [queued]>
[2023-02-18T10:05:11.335+0000] {taskinstance.py:1083} INFO - Dependencies all met for <TaskInstance: tutorial_dag.transform manual__2023-02-18T10:05:08.950142+00:00 [queued]>
[2023-02-18T10:05:11.336+0000] {taskinstance.py:1279} INFO - 
--------------------------------------------------------------------------------
[2023-02-18T10:05:11.338+0000] {taskinstance.py:1280} INFO - Starting attempt 1 of 3
[2023-02-18T10:05:11.339+0000] {taskinstance.py:1281} INFO - 
--------------------------------------------------------------------------------
[2023-02-18T10:05:11.355+0000] {taskinstance.py:1300} INFO - Executing <Task(PythonOperator): transform> on 2023-02-18 10:05:08.950142+00:00
[2023-02-18T10:05:11.363+0000] {standard_task_runner.py:55} INFO - Started process 2465 to run task
[2023-02-18T10:05:11.367+0000] {standard_task_runner.py:82} INFO - Running: ['***', 'tasks', 'run', 'tutorial_dag', 'transform', 'manual__2023-02-18T10:05:08.950142+00:00', '--job-id', '293', '--raw', '--subdir', '/home/***/.local/lib/python3.7/site-packages/***/example_dags/tutorial_dag.py', '--cfg-path', '/tmp/tmposhlnxp2']
[2023-02-18T10:05:11.369+0000] {standard_task_runner.py:83} INFO - Job 293: Subtask transform
[2023-02-18T10:05:11.450+0000] {task_command.py:388} INFO - Running <TaskInstance: tutorial_dag.transform manual__2023-02-18T10:05:08.950142+00:00 [running]> on host 14dd1d46eb34
[2023-02-18T10:05:11.515+0000] {taskinstance.py:1509} INFO - Exporting the following env vars:
AIRFLOW_CTX_DAG_OWNER=***
AIRFLOW_CTX_DAG_ID=tutorial_dag
AIRFLOW_CTX_TASK_ID=transform
AIRFLOW_CTX_EXECUTION_DATE=2023-02-18T10:05:08.950142+00:00
AIRFLOW_CTX_TRY_NUMBER=1
AIRFLOW_CTX_DAG_RUN_ID=manual__2023-02-18T10:05:08.950142+00:00
[2023-02-18T10:05:11.552+0000] {python.py:177} INFO - Done. Returned value was: None
[2023-02-18T10:05:11.564+0000] {taskinstance.py:1323} INFO - Marking task as SUCCESS. dag_id=tutorial_dag, task_id=transform, execution_date=20230218T100508, start_date=20230218T100511, end_date=20230218T100511
[2023-02-18T10:05:11.622+0000] {local_task_job.py:208} INFO - Task exited with return code 0
[2023-02-18T10:05:11.645+0000] {taskinstance.py:2578} INFO - 1 downstream tasks scheduled from follow-on schedule check
