[2023-02-18T01:08:19.871+0000] {taskinstance.py:1083} INFO - Dependencies all met for <TaskInstance: booking_ingestion.transform_data manual__2023-02-18T01:08:18.755156+00:00 [queued]>
[2023-02-18T01:08:19.880+0000] {taskinstance.py:1083} INFO - Dependencies all met for <TaskInstance: booking_ingestion.transform_data manual__2023-02-18T01:08:18.755156+00:00 [queued]>
[2023-02-18T01:08:19.882+0000] {taskinstance.py:1279} INFO - 
--------------------------------------------------------------------------------
[2023-02-18T01:08:19.882+0000] {taskinstance.py:1280} INFO - Starting attempt 1 of 1
[2023-02-18T01:08:19.884+0000] {taskinstance.py:1281} INFO - 
--------------------------------------------------------------------------------
[2023-02-18T01:08:19.892+0000] {taskinstance.py:1300} INFO - Executing <Task(PythonOperator): transform_data> on 2023-02-18 01:08:18.755156+00:00
[2023-02-18T01:08:19.898+0000] {standard_task_runner.py:55} INFO - Started process 2007 to run task
[2023-02-18T01:08:19.901+0000] {standard_task_runner.py:82} INFO - Running: ['***', 'tasks', 'run', 'booking_ingestion', 'transform_data', 'manual__2023-02-18T01:08:18.755156+00:00', '--job-id', '284', '--raw', '--subdir', 'DAGS_FOLDER/data_ingestion_dag/main.py', '--cfg-path', '/tmp/tmp56252fnm']
[2023-02-18T01:08:19.903+0000] {standard_task_runner.py:83} INFO - Job 284: Subtask transform_data
[2023-02-18T01:08:19.968+0000] {task_command.py:388} INFO - Running <TaskInstance: booking_ingestion.transform_data manual__2023-02-18T01:08:18.755156+00:00 [running]> on host d92f32803fb9
[2023-02-18T01:08:20.023+0000] {taskinstance.py:1509} INFO - Exporting the following env vars:
AIRFLOW_CTX_DAG_OWNER=***
AIRFLOW_CTX_DAG_ID=booking_ingestion
AIRFLOW_CTX_TASK_ID=transform_data
AIRFLOW_CTX_EXECUTION_DATE=2023-02-18T01:08:18.755156+00:00
AIRFLOW_CTX_TRY_NUMBER=1
AIRFLOW_CTX_DAG_RUN_ID=manual__2023-02-18T01:08:18.755156+00:00
[2023-02-18T01:08:20.050+0000] {warnings.py:110} WARNING - /opt/***/dags/data_ingestion_dag/main.py:42: FutureWarning: In a future version of pandas all arguments of DataFrame.drop except for the argument 'labels' will be keyword-only
  data = data.drop('address', 1)

[2023-02-18T01:08:20.064+0000] {python.py:177} INFO - Done. Returned value was: None
[2023-02-18T01:08:20.076+0000] {taskinstance.py:1323} INFO - Marking task as SUCCESS. dag_id=booking_ingestion, task_id=transform_data, execution_date=20230218T010818, start_date=20230218T010819, end_date=20230218T010820
[2023-02-18T01:08:20.115+0000] {local_task_job.py:208} INFO - Task exited with return code 0
[2023-02-18T01:08:20.139+0000] {taskinstance.py:2578} INFO - 1 downstream tasks scheduled from follow-on schedule check
