[2023-02-17T23:32:35.773+0000] {taskinstance.py:1083} INFO - Dependencies all met for <TaskInstance: booking_ingestion.transform_data manual__2023-02-17T23:32:34.705311+00:00 [queued]>
[2023-02-17T23:32:35.785+0000] {taskinstance.py:1083} INFO - Dependencies all met for <TaskInstance: booking_ingestion.transform_data manual__2023-02-17T23:32:34.705311+00:00 [queued]>
[2023-02-17T23:32:35.787+0000] {taskinstance.py:1279} INFO - 
--------------------------------------------------------------------------------
[2023-02-17T23:32:35.789+0000] {taskinstance.py:1280} INFO - Starting attempt 1 of 1
[2023-02-17T23:32:35.791+0000] {taskinstance.py:1281} INFO - 
--------------------------------------------------------------------------------
[2023-02-17T23:32:35.812+0000] {taskinstance.py:1300} INFO - Executing <Task(PythonOperator): transform_data> on 2023-02-17 23:32:34.705311+00:00
[2023-02-17T23:32:35.821+0000] {standard_task_runner.py:55} INFO - Started process 120 to run task
[2023-02-17T23:32:35.830+0000] {standard_task_runner.py:82} INFO - Running: ['***', 'tasks', 'run', 'booking_ingestion', 'transform_data', 'manual__2023-02-17T23:32:34.705311+00:00', '--job-id', '109', '--raw', '--subdir', 'DAGS_FOLDER/data_ingestion_dag/main.py', '--cfg-path', '/tmp/tmp1z77qf4w']
[2023-02-17T23:32:35.836+0000] {standard_task_runner.py:83} INFO - Job 109: Subtask transform_data
[2023-02-17T23:32:35.920+0000] {task_command.py:388} INFO - Running <TaskInstance: booking_ingestion.transform_data manual__2023-02-17T23:32:34.705311+00:00 [running]> on host f01ad4775be8
[2023-02-17T23:32:35.992+0000] {taskinstance.py:1509} INFO - Exporting the following env vars:
AIRFLOW_CTX_DAG_OWNER=***
AIRFLOW_CTX_DAG_ID=booking_ingestion
AIRFLOW_CTX_TASK_ID=transform_data
AIRFLOW_CTX_EXECUTION_DATE=2023-02-17T23:32:34.705311+00:00
AIRFLOW_CTX_TRY_NUMBER=1
AIRFLOW_CTX_DAG_RUN_ID=manual__2023-02-17T23:32:34.705311+00:00
[2023-02-17T23:32:36.035+0000] {warnings.py:110} WARNING - /opt/***/dags/data_ingestion_dag/main.py:39: FutureWarning: In a future version of pandas all arguments of DataFrame.drop except for the argument 'labels' will be keyword-only
  data = data.drop('address', 1)

[2023-02-17T23:32:36.048+0000] {python.py:177} INFO - Done. Returned value was: None
[2023-02-17T23:32:36.068+0000] {taskinstance.py:1323} INFO - Marking task as SUCCESS. dag_id=booking_ingestion, task_id=transform_data, execution_date=20230217T233234, start_date=20230217T233235, end_date=20230217T233236
[2023-02-17T23:32:36.118+0000] {local_task_job.py:208} INFO - Task exited with return code 0
[2023-02-17T23:32:36.150+0000] {taskinstance.py:2578} INFO - 1 downstream tasks scheduled from follow-on schedule check
