[2023-02-18T01:01:23.372+0000] {taskinstance.py:1083} INFO - Dependencies all met for <TaskInstance: booking_ingestion.create_table manual__2023-02-18T01:01:21.281011+00:00 [queued]>
[2023-02-18T01:01:23.380+0000] {taskinstance.py:1083} INFO - Dependencies all met for <TaskInstance: booking_ingestion.create_table manual__2023-02-18T01:01:21.281011+00:00 [queued]>
[2023-02-18T01:01:23.381+0000] {taskinstance.py:1279} INFO - 
--------------------------------------------------------------------------------
[2023-02-18T01:01:23.381+0000] {taskinstance.py:1280} INFO - Starting attempt 1 of 1
[2023-02-18T01:01:23.383+0000] {taskinstance.py:1281} INFO - 
--------------------------------------------------------------------------------
[2023-02-18T01:01:23.393+0000] {taskinstance.py:1300} INFO - Executing <Task(PostgresOperator): create_table> on 2023-02-18 01:01:21.281011+00:00
[2023-02-18T01:01:23.399+0000] {standard_task_runner.py:55} INFO - Started process 1546 to run task
[2023-02-18T01:01:23.403+0000] {standard_task_runner.py:82} INFO - Running: ['***', 'tasks', 'run', 'booking_ingestion', 'create_table', 'manual__2023-02-18T01:01:21.281011+00:00', '--job-id', '279', '--raw', '--subdir', 'DAGS_FOLDER/data_ingestion_dag/main.py', '--cfg-path', '/tmp/tmpamqhd05f']
[2023-02-18T01:01:23.405+0000] {standard_task_runner.py:83} INFO - Job 279: Subtask create_table
[2023-02-18T01:01:23.477+0000] {task_command.py:388} INFO - Running <TaskInstance: booking_ingestion.create_table manual__2023-02-18T01:01:21.281011+00:00 [running]> on host d92f32803fb9
[2023-02-18T01:01:23.532+0000] {taskinstance.py:1509} INFO - Exporting the following env vars:
AIRFLOW_CTX_DAG_OWNER=***
AIRFLOW_CTX_DAG_ID=booking_ingestion
AIRFLOW_CTX_TASK_ID=create_table
AIRFLOW_CTX_EXECUTION_DATE=2023-02-18T01:01:21.281011+00:00
AIRFLOW_CTX_TRY_NUMBER=1
AIRFLOW_CTX_DAG_RUN_ID=manual__2023-02-18T01:01:21.281011+00:00
[2023-02-18T01:01:23.536+0000] {sql.py:254} INFO - Executing: 
             CREATE TABLE IF NOT EXISTS booking_record (
                    client_id INTEGER NOT NULL,
                    booking_date varchar(50) NOT NULL,
                    room_type varchar(512) NOT NULL,
                    hotel_id INTEGER NOT NULL,
                    booking_cost NUMERIC,
                    currency varchar(50),
                    age INTEGER,
                    client_name varchar(512),
                    client_type varchar(512),
                    hotel_name varchar(512)
                    );
          
[2023-02-18T01:01:23.545+0000] {base.py:73} INFO - Using connection ID 'postgres_db' for task execution.
[2023-02-18T01:01:23.667+0000] {base.py:73} INFO - Using connection ID 'postgres_db' for task execution.
[2023-02-18T01:01:23.673+0000] {sql.py:375} INFO - Running statement: 
             CREATE TABLE IF NOT EXISTS booking_record (
                    client_id INTEGER NOT NULL,
                    booking_date varchar(50) NOT NULL,
                    room_type varchar(512) NOT NULL,
                    hotel_id INTEGER NOT NULL,
                    booking_cost NUMERIC,
                    currency varchar(50),
                    age INTEGER,
                    client_name varchar(512),
                    client_type varchar(512),
                    hotel_name varchar(512)
                    );
          , parameters: None
[2023-02-18T01:01:23.684+0000] {taskinstance.py:1323} INFO - Marking task as SUCCESS. dag_id=booking_ingestion, task_id=create_table, execution_date=20230218T010121, start_date=20230218T010123, end_date=20230218T010123
[2023-02-18T01:01:23.736+0000] {local_task_job.py:208} INFO - Task exited with return code 0
[2023-02-18T01:01:23.758+0000] {taskinstance.py:2578} INFO - 1 downstream tasks scheduled from follow-on schedule check
