[2023-02-17T23:47:44.063+0000] {taskinstance.py:1083} INFO - Dependencies all met for <TaskInstance: booking_ingestion.transform_data manual__2023-02-17T23:47:42.580266+00:00 [queued]>
[2023-02-17T23:47:44.070+0000] {taskinstance.py:1083} INFO - Dependencies all met for <TaskInstance: booking_ingestion.transform_data manual__2023-02-17T23:47:42.580266+00:00 [queued]>
[2023-02-17T23:47:44.072+0000] {taskinstance.py:1279} INFO - 
--------------------------------------------------------------------------------
[2023-02-17T23:47:44.073+0000] {taskinstance.py:1280} INFO - Starting attempt 1 of 1
[2023-02-17T23:47:44.074+0000] {taskinstance.py:1281} INFO - 
--------------------------------------------------------------------------------
[2023-02-17T23:47:44.085+0000] {taskinstance.py:1300} INFO - Executing <Task(PythonOperator): transform_data> on 2023-02-17 23:47:42.580266+00:00
[2023-02-17T23:47:44.091+0000] {standard_task_runner.py:55} INFO - Started process 87 to run task
[2023-02-17T23:47:44.095+0000] {standard_task_runner.py:82} INFO - Running: ['***', 'tasks', 'run', 'booking_ingestion', 'transform_data', 'manual__2023-02-17T23:47:42.580266+00:00', '--job-id', '150', '--raw', '--subdir', 'DAGS_FOLDER/data_ingestion_dag/main.py', '--cfg-path', '/tmp/tmpk2o_5o7_']
[2023-02-17T23:47:44.096+0000] {standard_task_runner.py:83} INFO - Job 150: Subtask transform_data
[2023-02-17T23:47:44.165+0000] {task_command.py:388} INFO - Running <TaskInstance: booking_ingestion.transform_data manual__2023-02-17T23:47:42.580266+00:00 [running]> on host f01ad4775be8
[2023-02-17T23:47:44.218+0000] {taskinstance.py:1509} INFO - Exporting the following env vars:
AIRFLOW_CTX_DAG_OWNER=***
AIRFLOW_CTX_DAG_ID=booking_ingestion
AIRFLOW_CTX_TASK_ID=transform_data
AIRFLOW_CTX_EXECUTION_DATE=2023-02-17T23:47:42.580266+00:00
AIRFLOW_CTX_TRY_NUMBER=1
AIRFLOW_CTX_DAG_RUN_ID=manual__2023-02-17T23:47:42.580266+00:00
[2023-02-17T23:47:44.250+0000] {warnings.py:110} WARNING - /opt/***/dags/data_ingestion_dag/main.py:39: FutureWarning: In a future version of pandas all arguments of DataFrame.drop except for the argument 'labels' will be keyword-only
  data = data.drop('address', 1)

[2023-02-17T23:47:44.263+0000] {python.py:177} INFO - Done. Returned value was: None
[2023-02-17T23:47:44.273+0000] {taskinstance.py:1323} INFO - Marking task as SUCCESS. dag_id=booking_ingestion, task_id=transform_data, execution_date=20230217T234742, start_date=20230217T234744, end_date=20230217T234744
[2023-02-17T23:47:44.308+0000] {local_task_job.py:208} INFO - Task exited with return code 0
[2023-02-17T23:47:44.327+0000] {taskinstance.py:2578} INFO - 1 downstream tasks scheduled from follow-on schedule check
