[2023-02-18T00:11:57.214+0000] {taskinstance.py:1083} INFO - Dependencies all met for <TaskInstance: booking_ingestion.load_data manual__2023-02-18T00:11:54.673524+00:00 [queued]>
[2023-02-18T00:11:57.223+0000] {taskinstance.py:1083} INFO - Dependencies all met for <TaskInstance: booking_ingestion.load_data manual__2023-02-18T00:11:54.673524+00:00 [queued]>
[2023-02-18T00:11:57.224+0000] {taskinstance.py:1279} INFO - 
--------------------------------------------------------------------------------
[2023-02-18T00:11:57.225+0000] {taskinstance.py:1280} INFO - Starting attempt 1 of 1
[2023-02-18T00:11:57.226+0000] {taskinstance.py:1281} INFO - 
--------------------------------------------------------------------------------
[2023-02-18T00:11:57.238+0000] {taskinstance.py:1300} INFO - Executing <Task(PostgresOperator): load_data> on 2023-02-18 00:11:54.673524+00:00
[2023-02-18T00:11:57.245+0000] {standard_task_runner.py:55} INFO - Started process 115 to run task
[2023-02-18T00:11:57.251+0000] {standard_task_runner.py:82} INFO - Running: ['***', 'tasks', 'run', 'booking_ingestion', 'load_data', 'manual__2023-02-18T00:11:54.673524+00:00', '--job-id', '227', '--raw', '--subdir', 'DAGS_FOLDER/data_ingestion_dag/main.py', '--cfg-path', '/tmp/tmpjib8e2er']
[2023-02-18T00:11:57.252+0000] {standard_task_runner.py:83} INFO - Job 227: Subtask load_data
[2023-02-18T00:11:57.324+0000] {task_command.py:388} INFO - Running <TaskInstance: booking_ingestion.load_data manual__2023-02-18T00:11:54.673524+00:00 [running]> on host ee369c26cf86
[2023-02-18T00:11:57.384+0000] {taskinstance.py:1509} INFO - Exporting the following env vars:
AIRFLOW_CTX_DAG_OWNER=***
AIRFLOW_CTX_DAG_ID=booking_ingestion
AIRFLOW_CTX_TASK_ID=load_data
AIRFLOW_CTX_EXECUTION_DATE=2023-02-18T00:11:54.673524+00:00
AIRFLOW_CTX_TRY_NUMBER=1
AIRFLOW_CTX_DAG_RUN_ID=manual__2023-02-18T00:11:54.673524+00:00
[2023-02-18T00:11:57.387+0000] {sql.py:254} INFO - Executing: 
             CREATE TABLE IF NOT EXISTS booking_record (
                    client_id INTEGER NOT NULL,
                    booking_date varchar(50) NOT NULL,
                    room_type varchar(512) NOT NULL,
                    hotel_id INTEGER NOT NULL,
                    booking_cost NUMERIC,
                    currency varchar(50),
                    age INTEGER,
                    client_name varchar(512),
                    client_type varchar(512),
                    hotel_name varchar(512)
                    );
          
[2023-02-18T00:11:57.397+0000] {base.py:73} INFO - Using connection ID 'postgres_db' for task execution.
[2023-02-18T00:11:57.557+0000] {base.py:73} INFO - Using connection ID 'postgres_db' for task execution.
[2023-02-18T00:11:57.566+0000] {sql.py:375} INFO - Running statement: 
             CREATE TABLE IF NOT EXISTS booking_record (
                    client_id INTEGER NOT NULL,
                    booking_date varchar(50) NOT NULL,
                    room_type varchar(512) NOT NULL,
                    hotel_id INTEGER NOT NULL,
                    booking_cost NUMERIC,
                    currency varchar(50),
                    age INTEGER,
                    client_name varchar(512),
                    client_type varchar(512),
                    hotel_name varchar(512)
                    );
          , parameters: None
[2023-02-18T00:11:57.591+0000] {taskinstance.py:1323} INFO - Marking task as SUCCESS. dag_id=booking_ingestion, task_id=load_data, execution_date=20230218T001154, start_date=20230218T001157, end_date=20230218T001157
[2023-02-18T00:11:57.630+0000] {local_task_job.py:208} INFO - Task exited with return code 0
[2023-02-18T00:11:57.653+0000] {taskinstance.py:2578} INFO - 0 downstream tasks scheduled from follow-on schedule check
