[2023-02-18T01:08:22.005+0000] {taskinstance.py:1083} INFO - Dependencies all met for <TaskInstance: booking_ingestion.load_data manual__2023-02-18T01:08:18.755156+00:00 [queued]>
[2023-02-18T01:08:22.012+0000] {taskinstance.py:1083} INFO - Dependencies all met for <TaskInstance: booking_ingestion.load_data manual__2023-02-18T01:08:18.755156+00:00 [queued]>
[2023-02-18T01:08:22.013+0000] {taskinstance.py:1279} INFO - 
--------------------------------------------------------------------------------
[2023-02-18T01:08:22.014+0000] {taskinstance.py:1280} INFO - Starting attempt 1 of 1
[2023-02-18T01:08:22.015+0000] {taskinstance.py:1281} INFO - 
--------------------------------------------------------------------------------
[2023-02-18T01:08:22.024+0000] {taskinstance.py:1300} INFO - Executing <Task(PythonOperator): load_data> on 2023-02-18 01:08:18.755156+00:00
[2023-02-18T01:08:22.030+0000] {standard_task_runner.py:55} INFO - Started process 2013 to run task
[2023-02-18T01:08:22.033+0000] {standard_task_runner.py:82} INFO - Running: ['***', 'tasks', 'run', 'booking_ingestion', 'load_data', 'manual__2023-02-18T01:08:18.755156+00:00', '--job-id', '286', '--raw', '--subdir', 'DAGS_FOLDER/data_ingestion_dag/main.py', '--cfg-path', '/tmp/tmpstwb332o']
[2023-02-18T01:08:22.035+0000] {standard_task_runner.py:83} INFO - Job 286: Subtask load_data
[2023-02-18T01:08:22.098+0000] {task_command.py:388} INFO - Running <TaskInstance: booking_ingestion.load_data manual__2023-02-18T01:08:18.755156+00:00 [running]> on host d92f32803fb9
[2023-02-18T01:08:22.150+0000] {taskinstance.py:1509} INFO - Exporting the following env vars:
AIRFLOW_CTX_DAG_OWNER=***
AIRFLOW_CTX_DAG_ID=booking_ingestion
AIRFLOW_CTX_TASK_ID=load_data
AIRFLOW_CTX_EXECUTION_DATE=2023-02-18T01:08:18.755156+00:00
AIRFLOW_CTX_TRY_NUMBER=1
AIRFLOW_CTX_DAG_RUN_ID=manual__2023-02-18T01:08:18.755156+00:00
[2023-02-18T01:08:22.188+0000] {python.py:177} INFO - Done. Returned value was: None
[2023-02-18T01:08:22.198+0000] {taskinstance.py:1323} INFO - Marking task as SUCCESS. dag_id=booking_ingestion, task_id=load_data, execution_date=20230218T010818, start_date=20230218T010822, end_date=20230218T010822
[2023-02-18T01:08:22.246+0000] {local_task_job.py:208} INFO - Task exited with return code 0
[2023-02-18T01:08:22.263+0000] {taskinstance.py:2578} INFO - 0 downstream tasks scheduled from follow-on schedule check
