[2023-02-18T10:05:10.045+0000] {taskinstance.py:1083} INFO - Dependencies all met for <TaskInstance: tutorial_dag.extract manual__2023-02-18T10:05:08.950142+00:00 [queued]>
[2023-02-18T10:05:10.059+0000] {taskinstance.py:1083} INFO - Dependencies all met for <TaskInstance: tutorial_dag.extract manual__2023-02-18T10:05:08.950142+00:00 [queued]>
[2023-02-18T10:05:10.062+0000] {taskinstance.py:1279} INFO - 
--------------------------------------------------------------------------------
[2023-02-18T10:05:10.064+0000] {taskinstance.py:1280} INFO - Starting attempt 1 of 3
[2023-02-18T10:05:10.066+0000] {taskinstance.py:1281} INFO - 
--------------------------------------------------------------------------------
[2023-02-18T10:05:10.079+0000] {taskinstance.py:1300} INFO - Executing <Task(PythonOperator): extract> on 2023-02-18 10:05:08.950142+00:00
[2023-02-18T10:05:10.086+0000] {standard_task_runner.py:55} INFO - Started process 2463 to run task
[2023-02-18T10:05:10.090+0000] {standard_task_runner.py:82} INFO - Running: ['***', 'tasks', 'run', 'tutorial_dag', 'extract', 'manual__2023-02-18T10:05:08.950142+00:00', '--job-id', '292', '--raw', '--subdir', '/home/***/.local/lib/python3.7/site-packages/***/example_dags/tutorial_dag.py', '--cfg-path', '/tmp/tmp4n9elm49']
[2023-02-18T10:05:10.093+0000] {standard_task_runner.py:83} INFO - Job 292: Subtask extract
[2023-02-18T10:05:10.172+0000] {task_command.py:388} INFO - Running <TaskInstance: tutorial_dag.extract manual__2023-02-18T10:05:08.950142+00:00 [running]> on host 14dd1d46eb34
[2023-02-18T10:05:10.238+0000] {taskinstance.py:1509} INFO - Exporting the following env vars:
AIRFLOW_CTX_DAG_OWNER=***
AIRFLOW_CTX_DAG_ID=tutorial_dag
AIRFLOW_CTX_TASK_ID=extract
AIRFLOW_CTX_EXECUTION_DATE=2023-02-18T10:05:08.950142+00:00
AIRFLOW_CTX_TRY_NUMBER=1
AIRFLOW_CTX_DAG_RUN_ID=manual__2023-02-18T10:05:08.950142+00:00
[2023-02-18T10:05:10.259+0000] {python.py:177} INFO - Done. Returned value was: None
[2023-02-18T10:05:10.272+0000] {taskinstance.py:1323} INFO - Marking task as SUCCESS. dag_id=tutorial_dag, task_id=extract, execution_date=20230218T100508, start_date=20230218T100510, end_date=20230218T100510
[2023-02-18T10:05:10.302+0000] {local_task_job.py:208} INFO - Task exited with return code 0
[2023-02-18T10:05:10.329+0000] {taskinstance.py:2578} INFO - 1 downstream tasks scheduled from follow-on schedule check
