[2023-02-18T00:39:26.352+0000] {taskinstance.py:1083} INFO - Dependencies all met for <TaskInstance: booking_ingestion.load_data manual__2023-02-18T00:39:24.410572+00:00 [queued]>
[2023-02-18T00:39:26.360+0000] {taskinstance.py:1083} INFO - Dependencies all met for <TaskInstance: booking_ingestion.load_data manual__2023-02-18T00:39:24.410572+00:00 [queued]>
[2023-02-18T00:39:26.361+0000] {taskinstance.py:1279} INFO - 
--------------------------------------------------------------------------------
[2023-02-18T00:39:26.362+0000] {taskinstance.py:1280} INFO - Starting attempt 1 of 1
[2023-02-18T00:39:26.363+0000] {taskinstance.py:1281} INFO - 
--------------------------------------------------------------------------------
[2023-02-18T00:39:26.373+0000] {taskinstance.py:1300} INFO - Executing <Task(PostgresOperator): load_data> on 2023-02-18 00:39:24.410572+00:00
[2023-02-18T00:39:26.379+0000] {standard_task_runner.py:55} INFO - Started process 104 to run task
[2023-02-18T00:39:26.383+0000] {standard_task_runner.py:82} INFO - Running: ['***', 'tasks', 'run', 'booking_ingestion', 'load_data', 'manual__2023-02-18T00:39:24.410572+00:00', '--job-id', '268', '--raw', '--subdir', 'DAGS_FOLDER/data_ingestion_dag/main.py', '--cfg-path', '/tmp/tmplk_sw1ti']
[2023-02-18T00:39:26.384+0000] {standard_task_runner.py:83} INFO - Job 268: Subtask load_data
[2023-02-18T00:39:26.454+0000] {task_command.py:388} INFO - Running <TaskInstance: booking_ingestion.load_data manual__2023-02-18T00:39:24.410572+00:00 [running]> on host d92f32803fb9
[2023-02-18T00:39:26.509+0000] {taskinstance.py:1509} INFO - Exporting the following env vars:
AIRFLOW_CTX_DAG_OWNER=***
AIRFLOW_CTX_DAG_ID=booking_ingestion
AIRFLOW_CTX_TASK_ID=load_data
AIRFLOW_CTX_EXECUTION_DATE=2023-02-18T00:39:24.410572+00:00
AIRFLOW_CTX_TRY_NUMBER=1
AIRFLOW_CTX_DAG_RUN_ID=manual__2023-02-18T00:39:24.410572+00:00
[2023-02-18T00:39:26.512+0000] {sql.py:254} INFO - Executing: 
             CREATE TABLE IF NOT EXISTS booking_record (
                    client_id INTEGER NOT NULL,
                    booking_date varchar(50) NOT NULL,
                    room_type varchar(512) NOT NULL,
                    hotel_id INTEGER NOT NULL,
                    booking_cost NUMERIC,
                    currency varchar(50),
                    age INTEGER,
                    client_name varchar(512),
                    client_type varchar(512),
                    hotel_name varchar(512)
                    );
          
[2023-02-18T00:39:26.521+0000] {base.py:73} INFO - Using connection ID 'postgres_db' for task execution.
[2023-02-18T00:39:26.634+0000] {base.py:73} INFO - Using connection ID 'postgres_db' for task execution.
[2023-02-18T00:39:26.643+0000] {sql.py:375} INFO - Running statement: 
             CREATE TABLE IF NOT EXISTS booking_record (
                    client_id INTEGER NOT NULL,
                    booking_date varchar(50) NOT NULL,
                    room_type varchar(512) NOT NULL,
                    hotel_id INTEGER NOT NULL,
                    booking_cost NUMERIC,
                    currency varchar(50),
                    age INTEGER,
                    client_name varchar(512),
                    client_type varchar(512),
                    hotel_name varchar(512)
                    );
          , parameters: None
[2023-02-18T00:39:26.655+0000] {taskinstance.py:1323} INFO - Marking task as SUCCESS. dag_id=booking_ingestion, task_id=load_data, execution_date=20230218T003924, start_date=20230218T003926, end_date=20230218T003926
[2023-02-18T00:39:26.715+0000] {local_task_job.py:208} INFO - Task exited with return code 0
[2023-02-18T00:39:26.732+0000] {taskinstance.py:2578} INFO - 0 downstream tasks scheduled from follow-on schedule check
