[2023-02-17T23:22:12.495+0000] {taskinstance.py:1083} INFO - Dependencies all met for <TaskInstance: booking_ingestion.transform_data scheduled__2023-02-16T23:22:06.849420+00:00 [queued]>
[2023-02-17T23:22:12.502+0000] {taskinstance.py:1083} INFO - Dependencies all met for <TaskInstance: booking_ingestion.transform_data scheduled__2023-02-16T23:22:06.849420+00:00 [queued]>
[2023-02-17T23:22:12.504+0000] {taskinstance.py:1279} INFO - 
--------------------------------------------------------------------------------
[2023-02-17T23:22:12.505+0000] {taskinstance.py:1280} INFO - Starting attempt 1 of 1
[2023-02-17T23:22:12.506+0000] {taskinstance.py:1281} INFO - 
--------------------------------------------------------------------------------
[2023-02-17T23:22:12.515+0000] {taskinstance.py:1300} INFO - Executing <Task(PythonOperator): transform_data> on 2023-02-16 23:22:06.849420+00:00
[2023-02-17T23:22:12.521+0000] {standard_task_runner.py:55} INFO - Started process 90 to run task
[2023-02-17T23:22:12.525+0000] {standard_task_runner.py:82} INFO - Running: ['***', 'tasks', 'run', 'booking_ingestion', 'transform_data', 'scheduled__2023-02-16T23:22:06.849420+00:00', '--job-id', '43', '--raw', '--subdir', 'DAGS_FOLDER/data_ingestion_dag/main.py', '--cfg-path', '/tmp/tmp0j60d2fq']
[2023-02-17T23:22:12.527+0000] {standard_task_runner.py:83} INFO - Job 43: Subtask transform_data
[2023-02-17T23:22:12.595+0000] {task_command.py:388} INFO - Running <TaskInstance: booking_ingestion.transform_data scheduled__2023-02-16T23:22:06.849420+00:00 [running]> on host 669eb8e0865e
[2023-02-17T23:22:12.648+0000] {taskinstance.py:1509} INFO - Exporting the following env vars:
AIRFLOW_CTX_DAG_OWNER=***
AIRFLOW_CTX_DAG_ID=booking_ingestion
AIRFLOW_CTX_TASK_ID=transform_data
AIRFLOW_CTX_EXECUTION_DATE=2023-02-16T23:22:06.849420+00:00
AIRFLOW_CTX_TRY_NUMBER=1
AIRFLOW_CTX_DAG_RUN_ID=scheduled__2023-02-16T23:22:06.849420+00:00
[2023-02-17T23:22:12.684+0000] {warnings.py:110} WARNING - /opt/***/dags/data_ingestion_dag/main.py:39: FutureWarning: In a future version of pandas all arguments of DataFrame.drop except for the argument 'labels' will be keyword-only
  data = data.drop('address', 1)

[2023-02-17T23:22:12.694+0000] {python.py:177} INFO - Done. Returned value was: None
[2023-02-17T23:22:12.704+0000] {taskinstance.py:1323} INFO - Marking task as SUCCESS. dag_id=booking_ingestion, task_id=transform_data, execution_date=20230216T232206, start_date=20230217T232212, end_date=20230217T232212
[2023-02-17T23:22:12.741+0000] {local_task_job.py:208} INFO - Task exited with return code 0
[2023-02-17T23:22:12.760+0000] {taskinstance.py:2578} INFO - 1 downstream tasks scheduled from follow-on schedule check
