[2023-02-18T10:05:12.271+0000] {taskinstance.py:1083} INFO - Dependencies all met for <TaskInstance: tutorial_dag.load manual__2023-02-18T10:05:08.950142+00:00 [queued]>
[2023-02-18T10:05:12.279+0000] {taskinstance.py:1083} INFO - Dependencies all met for <TaskInstance: tutorial_dag.load manual__2023-02-18T10:05:08.950142+00:00 [queued]>
[2023-02-18T10:05:12.280+0000] {taskinstance.py:1279} INFO - 
--------------------------------------------------------------------------------
[2023-02-18T10:05:12.281+0000] {taskinstance.py:1280} INFO - Starting attempt 1 of 3
[2023-02-18T10:05:12.283+0000] {taskinstance.py:1281} INFO - 
--------------------------------------------------------------------------------
[2023-02-18T10:05:12.294+0000] {taskinstance.py:1300} INFO - Executing <Task(PythonOperator): load> on 2023-02-18 10:05:08.950142+00:00
[2023-02-18T10:05:12.301+0000] {standard_task_runner.py:55} INFO - Started process 2467 to run task
[2023-02-18T10:05:12.305+0000] {standard_task_runner.py:82} INFO - Running: ['***', 'tasks', 'run', 'tutorial_dag', 'load', 'manual__2023-02-18T10:05:08.950142+00:00', '--job-id', '294', '--raw', '--subdir', '/home/***/.local/lib/python3.7/site-packages/***/example_dags/tutorial_dag.py', '--cfg-path', '/tmp/tmpnt69waaj']
[2023-02-18T10:05:12.306+0000] {standard_task_runner.py:83} INFO - Job 294: Subtask load
[2023-02-18T10:05:12.389+0000] {task_command.py:388} INFO - Running <TaskInstance: tutorial_dag.load manual__2023-02-18T10:05:08.950142+00:00 [running]> on host 14dd1d46eb34
[2023-02-18T10:05:12.449+0000] {taskinstance.py:1509} INFO - Exporting the following env vars:
AIRFLOW_CTX_DAG_OWNER=***
AIRFLOW_CTX_DAG_ID=tutorial_dag
AIRFLOW_CTX_TASK_ID=load
AIRFLOW_CTX_EXECUTION_DATE=2023-02-18T10:05:08.950142+00:00
AIRFLOW_CTX_TRY_NUMBER=1
AIRFLOW_CTX_DAG_RUN_ID=manual__2023-02-18T10:05:08.950142+00:00
[2023-02-18T10:05:12.464+0000] {logging_mixin.py:137} INFO - {'total_order_value': 1236.7}
[2023-02-18T10:05:12.465+0000] {python.py:177} INFO - Done. Returned value was: None
[2023-02-18T10:05:12.476+0000] {taskinstance.py:1323} INFO - Marking task as SUCCESS. dag_id=tutorial_dag, task_id=load, execution_date=20230218T100508, start_date=20230218T100512, end_date=20230218T100512
[2023-02-18T10:05:12.520+0000] {local_task_job.py:208} INFO - Task exited with return code 0
[2023-02-18T10:05:12.537+0000] {taskinstance.py:2578} INFO - 0 downstream tasks scheduled from follow-on schedule check
