[2023-02-18T01:09:27.906+0000] {taskinstance.py:1083} INFO - Dependencies all met for <TaskInstance: booking_ingestion.load_data manual__2023-02-18T01:09:24.575346+00:00 [queued]>
[2023-02-18T01:09:27.914+0000] {taskinstance.py:1083} INFO - Dependencies all met for <TaskInstance: booking_ingestion.load_data manual__2023-02-18T01:09:24.575346+00:00 [queued]>
[2023-02-18T01:09:27.915+0000] {taskinstance.py:1279} INFO - 
--------------------------------------------------------------------------------
[2023-02-18T01:09:27.921+0000] {taskinstance.py:1280} INFO - Starting attempt 1 of 1
[2023-02-18T01:09:27.922+0000] {taskinstance.py:1281} INFO - 
--------------------------------------------------------------------------------
[2023-02-18T01:09:27.931+0000] {taskinstance.py:1300} INFO - Executing <Task(PythonOperator): load_data> on 2023-02-18 01:09:24.575346+00:00
[2023-02-18T01:09:27.937+0000] {standard_task_runner.py:55} INFO - Started process 2095 to run task
[2023-02-18T01:09:27.941+0000] {standard_task_runner.py:82} INFO - Running: ['***', 'tasks', 'run', 'booking_ingestion', 'load_data', 'manual__2023-02-18T01:09:24.575346+00:00', '--job-id', '289', '--raw', '--subdir', 'DAGS_FOLDER/data_ingestion_dag/main.py', '--cfg-path', '/tmp/tmpueygmt93']
[2023-02-18T01:09:27.943+0000] {standard_task_runner.py:83} INFO - Job 289: Subtask load_data
[2023-02-18T01:09:28.008+0000] {task_command.py:388} INFO - Running <TaskInstance: booking_ingestion.load_data manual__2023-02-18T01:09:24.575346+00:00 [running]> on host d92f32803fb9
[2023-02-18T01:09:28.061+0000] {taskinstance.py:1509} INFO - Exporting the following env vars:
AIRFLOW_CTX_DAG_OWNER=***
AIRFLOW_CTX_DAG_ID=booking_ingestion
AIRFLOW_CTX_TASK_ID=load_data
AIRFLOW_CTX_EXECUTION_DATE=2023-02-18T01:09:24.575346+00:00
AIRFLOW_CTX_TRY_NUMBER=1
AIRFLOW_CTX_DAG_RUN_ID=manual__2023-02-18T01:09:24.575346+00:00
[2023-02-18T01:09:28.088+0000] {python.py:177} INFO - Done. Returned value was: None
[2023-02-18T01:09:28.098+0000] {taskinstance.py:1323} INFO - Marking task as SUCCESS. dag_id=booking_ingestion, task_id=load_data, execution_date=20230218T010924, start_date=20230218T010927, end_date=20230218T010928
[2023-02-18T01:09:28.155+0000] {local_task_job.py:208} INFO - Task exited with return code 0
[2023-02-18T01:09:28.172+0000] {taskinstance.py:2578} INFO - 0 downstream tasks scheduled from follow-on schedule check
