[2023-02-17T22:24:43.383+0000] {taskinstance.py:1083} INFO - Dependencies all met for <TaskInstance: tutorial_dag.extract manual__2023-02-17T22:24:42.156360+00:00 [queued]>
[2023-02-17T22:24:43.390+0000] {taskinstance.py:1083} INFO - Dependencies all met for <TaskInstance: tutorial_dag.extract manual__2023-02-17T22:24:42.156360+00:00 [queued]>
[2023-02-17T22:24:43.392+0000] {taskinstance.py:1279} INFO - 
--------------------------------------------------------------------------------
[2023-02-17T22:24:43.393+0000] {taskinstance.py:1280} INFO - Starting attempt 1 of 3
[2023-02-17T22:24:43.394+0000] {taskinstance.py:1281} INFO - 
--------------------------------------------------------------------------------
[2023-02-17T22:24:43.405+0000] {taskinstance.py:1300} INFO - Executing <Task(PythonOperator): extract> on 2023-02-17 22:24:42.156360+00:00
[2023-02-17T22:24:43.411+0000] {standard_task_runner.py:55} INFO - Started process 1110 to run task
[2023-02-17T22:24:43.415+0000] {standard_task_runner.py:82} INFO - Running: ['***', 'tasks', 'run', 'tutorial_dag', 'extract', 'manual__2023-02-17T22:24:42.156360+00:00', '--job-id', '38', '--raw', '--subdir', '/home/***/.local/lib/python3.7/site-packages/***/example_dags/tutorial_dag.py', '--cfg-path', '/tmp/tmpelx9fpo7']
[2023-02-17T22:24:43.416+0000] {standard_task_runner.py:83} INFO - Job 38: Subtask extract
[2023-02-17T22:24:43.474+0000] {task_command.py:388} INFO - Running <TaskInstance: tutorial_dag.extract manual__2023-02-17T22:24:42.156360+00:00 [running]> on host 5a1346a07fd9
[2023-02-17T22:24:43.526+0000] {taskinstance.py:1509} INFO - Exporting the following env vars:
AIRFLOW_CTX_DAG_OWNER=***
AIRFLOW_CTX_DAG_ID=tutorial_dag
AIRFLOW_CTX_TASK_ID=extract
AIRFLOW_CTX_EXECUTION_DATE=2023-02-17T22:24:42.156360+00:00
AIRFLOW_CTX_TRY_NUMBER=1
AIRFLOW_CTX_DAG_RUN_ID=manual__2023-02-17T22:24:42.156360+00:00
[2023-02-17T22:24:43.541+0000] {python.py:177} INFO - Done. Returned value was: None
[2023-02-17T22:24:43.552+0000] {taskinstance.py:1323} INFO - Marking task as SUCCESS. dag_id=tutorial_dag, task_id=extract, execution_date=20230217T222442, start_date=20230217T222443, end_date=20230217T222443
[2023-02-17T22:24:43.587+0000] {local_task_job.py:208} INFO - Task exited with return code 0
[2023-02-17T22:24:43.608+0000] {taskinstance.py:2578} INFO - 1 downstream tasks scheduled from follow-on schedule check
