[2023-02-17T23:21:37.860+0000] {processor.py:153} INFO - Started process (PID=34) to work on /opt/airflow/dags/data_ingestion_dag/main.py
[2023-02-17T23:21:37.863+0000] {processor.py:743} INFO - Processing file /opt/airflow/dags/data_ingestion_dag/main.py for tasks to queue
[2023-02-17T23:21:37.866+0000] {logging_mixin.py:137} INFO - [2023-02-17T23:21:37.865+0000] {dagbag.py:538} INFO - Filling up the DagBag from /opt/airflow/dags/data_ingestion_dag/main.py
[2023-02-17T23:21:38.701+0000] {processor.py:753} INFO - DAG(s) dict_keys(['booking_ingestion']) retrieved from /opt/airflow/dags/data_ingestion_dag/main.py
[2023-02-17T23:21:38.840+0000] {logging_mixin.py:137} INFO - [2023-02-17T23:21:38.840+0000] {manager.py:504} INFO - Created Permission View: can edit on DAG:booking_ingestion
[2023-02-17T23:21:38.853+0000] {logging_mixin.py:137} INFO - [2023-02-17T23:21:38.850+0000] {manager.py:504} INFO - Created Permission View: can read on DAG:booking_ingestion
[2023-02-17T23:21:38.867+0000] {logging_mixin.py:137} INFO - [2023-02-17T23:21:38.867+0000] {manager.py:504} INFO - Created Permission View: can delete on DAG:booking_ingestion
[2023-02-17T23:21:38.869+0000] {logging_mixin.py:137} INFO - [2023-02-17T23:21:38.868+0000] {dag.py:2690} INFO - Sync 1 DAGs
[2023-02-17T23:21:38.879+0000] {logging_mixin.py:137} INFO - [2023-02-17T23:21:38.878+0000] {dag.py:2711} INFO - Creating ORM DAG for booking_ingestion
[2023-02-17T23:21:38.887+0000] {logging_mixin.py:137} INFO - [2023-02-17T23:21:38.887+0000] {dag.py:3441} INFO - Setting next_dagrun for booking_ingestion to 2023-02-16T23:21:38.887386+00:00, run_after=2023-02-17T23:21:38.887386+00:00
[2023-02-17T23:21:38.910+0000] {processor.py:175} INFO - Processing /opt/airflow/dags/data_ingestion_dag/main.py took 1.053 seconds
[2023-02-17T23:22:06.490+0000] {processor.py:153} INFO - Started process (PID=112) to work on /opt/airflow/dags/data_ingestion_dag/main.py
[2023-02-17T23:22:06.493+0000] {processor.py:743} INFO - Processing file /opt/airflow/dags/data_ingestion_dag/main.py for tasks to queue
[2023-02-17T23:22:06.494+0000] {logging_mixin.py:137} INFO - [2023-02-17T23:22:06.494+0000] {dagbag.py:538} INFO - Filling up the DagBag from /opt/airflow/dags/data_ingestion_dag/main.py
[2023-02-17T23:22:06.822+0000] {processor.py:753} INFO - DAG(s) dict_keys(['booking_ingestion']) retrieved from /opt/airflow/dags/data_ingestion_dag/main.py
[2023-02-17T23:22:06.835+0000] {logging_mixin.py:137} INFO - [2023-02-17T23:22:06.835+0000] {dag.py:2690} INFO - Sync 1 DAGs
[2023-02-17T23:22:06.849+0000] {logging_mixin.py:137} INFO - [2023-02-17T23:22:06.849+0000] {dag.py:3441} INFO - Setting next_dagrun for booking_ingestion to 2023-02-16T23:22:06.849420+00:00, run_after=2023-02-17T23:22:06.849420+00:00
[2023-02-17T23:22:06.867+0000] {processor.py:175} INFO - Processing /opt/airflow/dags/data_ingestion_dag/main.py took 0.381 seconds
[2023-02-17T23:22:37.555+0000] {processor.py:153} INFO - Started process (PID=177) to work on /opt/airflow/dags/data_ingestion_dag/main.py
[2023-02-17T23:22:37.557+0000] {processor.py:743} INFO - Processing file /opt/airflow/dags/data_ingestion_dag/main.py for tasks to queue
[2023-02-17T23:22:37.558+0000] {logging_mixin.py:137} INFO - [2023-02-17T23:22:37.558+0000] {dagbag.py:538} INFO - Filling up the DagBag from /opt/airflow/dags/data_ingestion_dag/main.py
[2023-02-17T23:22:37.831+0000] {processor.py:753} INFO - DAG(s) dict_keys(['booking_ingestion']) retrieved from /opt/airflow/dags/data_ingestion_dag/main.py
[2023-02-17T23:22:37.850+0000] {logging_mixin.py:137} INFO - [2023-02-17T23:22:37.849+0000] {dag.py:2690} INFO - Sync 1 DAGs
[2023-02-17T23:22:37.863+0000] {logging_mixin.py:137} INFO - [2023-02-17T23:22:37.863+0000] {dag.py:3441} INFO - Setting next_dagrun for booking_ingestion to 2023-02-17T23:22:06.849420+00:00, run_after=2023-02-18T23:22:06.849420+00:00
[2023-02-17T23:22:37.873+0000] {processor.py:175} INFO - Processing /opt/airflow/dags/data_ingestion_dag/main.py took 0.322 seconds
[2023-02-17T23:23:08.864+0000] {processor.py:153} INFO - Started process (PID=254) to work on /opt/airflow/dags/data_ingestion_dag/main.py
[2023-02-17T23:23:08.868+0000] {processor.py:743} INFO - Processing file /opt/airflow/dags/data_ingestion_dag/main.py for tasks to queue
[2023-02-17T23:23:08.870+0000] {logging_mixin.py:137} INFO - [2023-02-17T23:23:08.869+0000] {dagbag.py:538} INFO - Filling up the DagBag from /opt/airflow/dags/data_ingestion_dag/main.py
[2023-02-17T23:23:09.150+0000] {processor.py:753} INFO - DAG(s) dict_keys(['booking_ingestion']) retrieved from /opt/airflow/dags/data_ingestion_dag/main.py
[2023-02-17T23:23:09.170+0000] {logging_mixin.py:137} INFO - [2023-02-17T23:23:09.170+0000] {dag.py:2690} INFO - Sync 1 DAGs
[2023-02-17T23:23:09.186+0000] {logging_mixin.py:137} INFO - [2023-02-17T23:23:09.186+0000] {dag.py:3441} INFO - Setting next_dagrun for booking_ingestion to 2023-02-17T23:22:06.849420+00:00, run_after=2023-02-18T23:22:06.849420+00:00
[2023-02-17T23:23:09.199+0000] {processor.py:175} INFO - Processing /opt/airflow/dags/data_ingestion_dag/main.py took 0.337 seconds
[2023-02-17T23:23:39.355+0000] {processor.py:153} INFO - Started process (PID=331) to work on /opt/airflow/dags/data_ingestion_dag/main.py
[2023-02-17T23:23:39.357+0000] {processor.py:743} INFO - Processing file /opt/airflow/dags/data_ingestion_dag/main.py for tasks to queue
[2023-02-17T23:23:39.359+0000] {logging_mixin.py:137} INFO - [2023-02-17T23:23:39.358+0000] {dagbag.py:538} INFO - Filling up the DagBag from /opt/airflow/dags/data_ingestion_dag/main.py
[2023-02-17T23:23:39.620+0000] {processor.py:753} INFO - DAG(s) dict_keys(['booking_ingestion']) retrieved from /opt/airflow/dags/data_ingestion_dag/main.py
[2023-02-17T23:23:39.639+0000] {logging_mixin.py:137} INFO - [2023-02-17T23:23:39.639+0000] {dag.py:2690} INFO - Sync 1 DAGs
[2023-02-17T23:23:39.657+0000] {logging_mixin.py:137} INFO - [2023-02-17T23:23:39.657+0000] {dag.py:3441} INFO - Setting next_dagrun for booking_ingestion to 2023-02-17T23:22:06.849420+00:00, run_after=2023-02-18T23:22:06.849420+00:00
[2023-02-17T23:23:39.672+0000] {processor.py:175} INFO - Processing /opt/airflow/dags/data_ingestion_dag/main.py took 0.320 seconds
[2023-02-17T23:25:15.892+0000] {processor.py:153} INFO - Started process (PID=34) to work on /opt/airflow/dags/data_ingestion_dag/main.py
[2023-02-17T23:25:15.895+0000] {processor.py:743} INFO - Processing file /opt/airflow/dags/data_ingestion_dag/main.py for tasks to queue
[2023-02-17T23:25:15.897+0000] {logging_mixin.py:137} INFO - [2023-02-17T23:25:15.896+0000] {dagbag.py:538} INFO - Filling up the DagBag from /opt/airflow/dags/data_ingestion_dag/main.py
[2023-02-17T23:25:16.806+0000] {processor.py:753} INFO - DAG(s) dict_keys(['booking_ingestion']) retrieved from /opt/airflow/dags/data_ingestion_dag/main.py
[2023-02-17T23:25:16.878+0000] {logging_mixin.py:137} INFO - [2023-02-17T23:25:16.878+0000] {dag.py:2690} INFO - Sync 1 DAGs
[2023-02-17T23:25:16.895+0000] {logging_mixin.py:137} INFO - [2023-02-17T23:25:16.895+0000] {dag.py:3441} INFO - Setting next_dagrun for booking_ingestion to 2023-02-17T23:22:06.849420+00:00, run_after=2023-02-18T23:22:06.849420+00:00
[2023-02-17T23:25:16.913+0000] {processor.py:175} INFO - Processing /opt/airflow/dags/data_ingestion_dag/main.py took 1.024 seconds
[2023-02-17T23:25:47.018+0000] {processor.py:153} INFO - Started process (PID=116) to work on /opt/airflow/dags/data_ingestion_dag/main.py
[2023-02-17T23:25:47.020+0000] {processor.py:743} INFO - Processing file /opt/airflow/dags/data_ingestion_dag/main.py for tasks to queue
[2023-02-17T23:25:47.021+0000] {logging_mixin.py:137} INFO - [2023-02-17T23:25:47.021+0000] {dagbag.py:538} INFO - Filling up the DagBag from /opt/airflow/dags/data_ingestion_dag/main.py
[2023-02-17T23:25:47.321+0000] {processor.py:753} INFO - DAG(s) dict_keys(['booking_ingestion']) retrieved from /opt/airflow/dags/data_ingestion_dag/main.py
[2023-02-17T23:25:47.340+0000] {logging_mixin.py:137} INFO - [2023-02-17T23:25:47.340+0000] {dag.py:2690} INFO - Sync 1 DAGs
[2023-02-17T23:25:47.355+0000] {logging_mixin.py:137} INFO - [2023-02-17T23:25:47.355+0000] {dag.py:3441} INFO - Setting next_dagrun for booking_ingestion to 2023-02-17T23:22:06.849420+00:00, run_after=2023-02-18T23:22:06.849420+00:00
[2023-02-17T23:25:47.366+0000] {processor.py:175} INFO - Processing /opt/airflow/dags/data_ingestion_dag/main.py took 0.352 seconds
[2023-02-17T23:26:18.154+0000] {processor.py:153} INFO - Started process (PID=188) to work on /opt/airflow/dags/data_ingestion_dag/main.py
[2023-02-17T23:26:18.158+0000] {processor.py:743} INFO - Processing file /opt/airflow/dags/data_ingestion_dag/main.py for tasks to queue
[2023-02-17T23:26:18.160+0000] {logging_mixin.py:137} INFO - [2023-02-17T23:26:18.160+0000] {dagbag.py:538} INFO - Filling up the DagBag from /opt/airflow/dags/data_ingestion_dag/main.py
[2023-02-17T23:26:18.528+0000] {processor.py:753} INFO - DAG(s) dict_keys(['booking_ingestion']) retrieved from /opt/airflow/dags/data_ingestion_dag/main.py
[2023-02-17T23:26:18.556+0000] {logging_mixin.py:137} INFO - [2023-02-17T23:26:18.556+0000] {dag.py:2690} INFO - Sync 1 DAGs
[2023-02-17T23:26:18.605+0000] {logging_mixin.py:137} INFO - [2023-02-17T23:26:18.605+0000] {dag.py:3441} INFO - Setting next_dagrun for booking_ingestion to 2023-02-17T23:22:06.849420+00:00, run_after=2023-02-18T23:22:06.849420+00:00
[2023-02-17T23:26:18.620+0000] {processor.py:175} INFO - Processing /opt/airflow/dags/data_ingestion_dag/main.py took 0.470 seconds
[2023-02-17T23:26:49.548+0000] {processor.py:153} INFO - Started process (PID=261) to work on /opt/airflow/dags/data_ingestion_dag/main.py
[2023-02-17T23:26:49.551+0000] {processor.py:743} INFO - Processing file /opt/airflow/dags/data_ingestion_dag/main.py for tasks to queue
[2023-02-17T23:26:49.554+0000] {logging_mixin.py:137} INFO - [2023-02-17T23:26:49.553+0000] {dagbag.py:538} INFO - Filling up the DagBag from /opt/airflow/dags/data_ingestion_dag/main.py
[2023-02-17T23:26:49.895+0000] {processor.py:753} INFO - DAG(s) dict_keys(['booking_ingestion']) retrieved from /opt/airflow/dags/data_ingestion_dag/main.py
[2023-02-17T23:26:49.915+0000] {logging_mixin.py:137} INFO - [2023-02-17T23:26:49.915+0000] {dag.py:2690} INFO - Sync 1 DAGs
[2023-02-17T23:26:49.933+0000] {logging_mixin.py:137} INFO - [2023-02-17T23:26:49.933+0000] {dag.py:3441} INFO - Setting next_dagrun for booking_ingestion to 2023-02-17T23:22:06.849420+00:00, run_after=2023-02-18T23:22:06.849420+00:00
[2023-02-17T23:26:49.948+0000] {processor.py:175} INFO - Processing /opt/airflow/dags/data_ingestion_dag/main.py took 0.404 seconds
[2023-02-17T23:27:20.080+0000] {processor.py:153} INFO - Started process (PID=341) to work on /opt/airflow/dags/data_ingestion_dag/main.py
[2023-02-17T23:27:20.082+0000] {processor.py:743} INFO - Processing file /opt/airflow/dags/data_ingestion_dag/main.py for tasks to queue
[2023-02-17T23:27:20.084+0000] {logging_mixin.py:137} INFO - [2023-02-17T23:27:20.084+0000] {dagbag.py:538} INFO - Filling up the DagBag from /opt/airflow/dags/data_ingestion_dag/main.py
[2023-02-17T23:27:20.355+0000] {processor.py:753} INFO - DAG(s) dict_keys(['booking_ingestion']) retrieved from /opt/airflow/dags/data_ingestion_dag/main.py
[2023-02-17T23:27:20.373+0000] {logging_mixin.py:137} INFO - [2023-02-17T23:27:20.373+0000] {dag.py:2690} INFO - Sync 1 DAGs
[2023-02-17T23:27:20.389+0000] {logging_mixin.py:137} INFO - [2023-02-17T23:27:20.389+0000] {dag.py:3441} INFO - Setting next_dagrun for booking_ingestion to 2023-02-17T23:22:06.849420+00:00, run_after=2023-02-18T23:22:06.849420+00:00
[2023-02-17T23:27:20.403+0000] {processor.py:175} INFO - Processing /opt/airflow/dags/data_ingestion_dag/main.py took 0.325 seconds
[2023-02-17T23:27:51.257+0000] {processor.py:153} INFO - Started process (PID=417) to work on /opt/airflow/dags/data_ingestion_dag/main.py
[2023-02-17T23:27:51.261+0000] {processor.py:743} INFO - Processing file /opt/airflow/dags/data_ingestion_dag/main.py for tasks to queue
[2023-02-17T23:27:51.263+0000] {logging_mixin.py:137} INFO - [2023-02-17T23:27:51.263+0000] {dagbag.py:538} INFO - Filling up the DagBag from /opt/airflow/dags/data_ingestion_dag/main.py
[2023-02-17T23:27:51.624+0000] {processor.py:753} INFO - DAG(s) dict_keys(['booking_ingestion']) retrieved from /opt/airflow/dags/data_ingestion_dag/main.py
[2023-02-17T23:27:51.645+0000] {logging_mixin.py:137} INFO - [2023-02-17T23:27:51.645+0000] {dag.py:2690} INFO - Sync 1 DAGs
[2023-02-17T23:27:51.679+0000] {logging_mixin.py:137} INFO - [2023-02-17T23:27:51.679+0000] {dag.py:3441} INFO - Setting next_dagrun for booking_ingestion to 2023-02-17T23:22:06.849420+00:00, run_after=2023-02-18T23:22:06.849420+00:00
[2023-02-17T23:27:51.693+0000] {processor.py:175} INFO - Processing /opt/airflow/dags/data_ingestion_dag/main.py took 0.439 seconds
[2023-02-17T23:28:22.671+0000] {processor.py:153} INFO - Started process (PID=486) to work on /opt/airflow/dags/data_ingestion_dag/main.py
[2023-02-17T23:28:22.676+0000] {processor.py:743} INFO - Processing file /opt/airflow/dags/data_ingestion_dag/main.py for tasks to queue
[2023-02-17T23:28:22.679+0000] {logging_mixin.py:137} INFO - [2023-02-17T23:28:22.678+0000] {dagbag.py:538} INFO - Filling up the DagBag from /opt/airflow/dags/data_ingestion_dag/main.py
[2023-02-17T23:28:22.978+0000] {processor.py:753} INFO - DAG(s) dict_keys(['booking_ingestion']) retrieved from /opt/airflow/dags/data_ingestion_dag/main.py
[2023-02-17T23:28:22.998+0000] {logging_mixin.py:137} INFO - [2023-02-17T23:28:22.998+0000] {dag.py:2690} INFO - Sync 1 DAGs
[2023-02-17T23:28:23.020+0000] {logging_mixin.py:137} INFO - [2023-02-17T23:28:23.019+0000] {dag.py:3441} INFO - Setting next_dagrun for booking_ingestion to 2023-02-17T23:22:06.849420+00:00, run_after=2023-02-18T23:22:06.849420+00:00
[2023-02-17T23:28:23.034+0000] {processor.py:175} INFO - Processing /opt/airflow/dags/data_ingestion_dag/main.py took 0.366 seconds
[2023-02-17T23:28:53.506+0000] {processor.py:153} INFO - Started process (PID=562) to work on /opt/airflow/dags/data_ingestion_dag/main.py
[2023-02-17T23:28:53.507+0000] {processor.py:743} INFO - Processing file /opt/airflow/dags/data_ingestion_dag/main.py for tasks to queue
[2023-02-17T23:28:53.509+0000] {logging_mixin.py:137} INFO - [2023-02-17T23:28:53.509+0000] {dagbag.py:538} INFO - Filling up the DagBag from /opt/airflow/dags/data_ingestion_dag/main.py
[2023-02-17T23:28:53.819+0000] {processor.py:753} INFO - DAG(s) dict_keys(['booking_ingestion']) retrieved from /opt/airflow/dags/data_ingestion_dag/main.py
[2023-02-17T23:28:53.838+0000] {logging_mixin.py:137} INFO - [2023-02-17T23:28:53.837+0000] {dag.py:2690} INFO - Sync 1 DAGs
[2023-02-17T23:28:53.853+0000] {logging_mixin.py:137} INFO - [2023-02-17T23:28:53.853+0000] {dag.py:3441} INFO - Setting next_dagrun for booking_ingestion to 2023-02-17T23:22:06.849420+00:00, run_after=2023-02-18T23:22:06.849420+00:00
[2023-02-17T23:28:53.869+0000] {processor.py:175} INFO - Processing /opt/airflow/dags/data_ingestion_dag/main.py took 0.367 seconds
[2023-02-17T23:29:24.200+0000] {processor.py:153} INFO - Started process (PID=639) to work on /opt/airflow/dags/data_ingestion_dag/main.py
[2023-02-17T23:29:24.203+0000] {processor.py:743} INFO - Processing file /opt/airflow/dags/data_ingestion_dag/main.py for tasks to queue
[2023-02-17T23:29:24.205+0000] {logging_mixin.py:137} INFO - [2023-02-17T23:29:24.205+0000] {dagbag.py:538} INFO - Filling up the DagBag from /opt/airflow/dags/data_ingestion_dag/main.py
[2023-02-17T23:29:24.501+0000] {processor.py:753} INFO - DAG(s) dict_keys(['booking_ingestion']) retrieved from /opt/airflow/dags/data_ingestion_dag/main.py
[2023-02-17T23:29:24.519+0000] {logging_mixin.py:137} INFO - [2023-02-17T23:29:24.519+0000] {dag.py:2690} INFO - Sync 1 DAGs
[2023-02-17T23:29:24.536+0000] {logging_mixin.py:137} INFO - [2023-02-17T23:29:24.536+0000] {dag.py:3441} INFO - Setting next_dagrun for booking_ingestion to 2023-02-17T23:22:06.849420+00:00, run_after=2023-02-18T23:22:06.849420+00:00
[2023-02-17T23:29:24.550+0000] {processor.py:175} INFO - Processing /opt/airflow/dags/data_ingestion_dag/main.py took 0.354 seconds
[2023-02-17T23:31:32.435+0000] {processor.py:153} INFO - Started process (PID=32) to work on /opt/airflow/dags/data_ingestion_dag/main.py
[2023-02-17T23:31:32.439+0000] {processor.py:743} INFO - Processing file /opt/airflow/dags/data_ingestion_dag/main.py for tasks to queue
[2023-02-17T23:31:32.442+0000] {logging_mixin.py:137} INFO - [2023-02-17T23:31:32.442+0000] {dagbag.py:538} INFO - Filling up the DagBag from /opt/airflow/dags/data_ingestion_dag/main.py
[2023-02-17T23:31:32.719+0000] {processor.py:753} INFO - DAG(s) dict_keys(['booking_ingestion']) retrieved from /opt/airflow/dags/data_ingestion_dag/main.py
[2023-02-17T23:31:32.832+0000] {logging_mixin.py:137} INFO - [2023-02-17T23:31:32.831+0000] {dag.py:2690} INFO - Sync 1 DAGs
[2023-02-17T23:31:32.860+0000] {logging_mixin.py:137} INFO - [2023-02-17T23:31:32.860+0000] {dag.py:3441} INFO - Setting next_dagrun for booking_ingestion to 2023-02-17T23:22:06.849420+00:00, run_after=2023-02-18T23:22:06.849420+00:00
[2023-02-17T23:31:32.892+0000] {processor.py:175} INFO - Processing /opt/airflow/dags/data_ingestion_dag/main.py took 0.462 seconds
[2023-02-17T23:32:03.966+0000] {processor.py:153} INFO - Started process (PID=110) to work on /opt/airflow/dags/data_ingestion_dag/main.py
[2023-02-17T23:32:03.973+0000] {processor.py:743} INFO - Processing file /opt/airflow/dags/data_ingestion_dag/main.py for tasks to queue
[2023-02-17T23:32:03.975+0000] {logging_mixin.py:137} INFO - [2023-02-17T23:32:03.975+0000] {dagbag.py:538} INFO - Filling up the DagBag from /opt/airflow/dags/data_ingestion_dag/main.py
[2023-02-17T23:32:04.149+0000] {processor.py:753} INFO - DAG(s) dict_keys(['booking_ingestion']) retrieved from /opt/airflow/dags/data_ingestion_dag/main.py
[2023-02-17T23:32:04.168+0000] {logging_mixin.py:137} INFO - [2023-02-17T23:32:04.168+0000] {dag.py:2690} INFO - Sync 1 DAGs
[2023-02-17T23:32:04.187+0000] {logging_mixin.py:137} INFO - [2023-02-17T23:32:04.187+0000] {dag.py:3441} INFO - Setting next_dagrun for booking_ingestion to 2023-02-17T23:22:06.849420+00:00, run_after=2023-02-18T23:22:06.849420+00:00
[2023-02-17T23:32:04.202+0000] {processor.py:175} INFO - Processing /opt/airflow/dags/data_ingestion_dag/main.py took 0.242 seconds
[2023-02-17T23:32:34.891+0000] {processor.py:153} INFO - Started process (PID=175) to work on /opt/airflow/dags/data_ingestion_dag/main.py
[2023-02-17T23:32:34.893+0000] {processor.py:743} INFO - Processing file /opt/airflow/dags/data_ingestion_dag/main.py for tasks to queue
[2023-02-17T23:32:34.895+0000] {logging_mixin.py:137} INFO - [2023-02-17T23:32:34.895+0000] {dagbag.py:538} INFO - Filling up the DagBag from /opt/airflow/dags/data_ingestion_dag/main.py
[2023-02-17T23:32:35.119+0000] {processor.py:753} INFO - DAG(s) dict_keys(['booking_ingestion']) retrieved from /opt/airflow/dags/data_ingestion_dag/main.py
[2023-02-17T23:32:35.144+0000] {logging_mixin.py:137} INFO - [2023-02-17T23:32:35.144+0000] {dag.py:2690} INFO - Sync 1 DAGs
[2023-02-17T23:32:35.171+0000] {logging_mixin.py:137} INFO - [2023-02-17T23:32:35.171+0000] {dag.py:3441} INFO - Setting next_dagrun for booking_ingestion to 2023-02-17T23:22:06.849420+00:00, run_after=2023-02-18T23:22:06.849420+00:00
[2023-02-17T23:32:35.188+0000] {processor.py:175} INFO - Processing /opt/airflow/dags/data_ingestion_dag/main.py took 0.300 seconds
[2023-02-17T23:33:05.566+0000] {processor.py:153} INFO - Started process (PID=252) to work on /opt/airflow/dags/data_ingestion_dag/main.py
[2023-02-17T23:33:05.568+0000] {processor.py:743} INFO - Processing file /opt/airflow/dags/data_ingestion_dag/main.py for tasks to queue
[2023-02-17T23:33:05.570+0000] {logging_mixin.py:137} INFO - [2023-02-17T23:33:05.570+0000] {dagbag.py:538} INFO - Filling up the DagBag from /opt/airflow/dags/data_ingestion_dag/main.py
[2023-02-17T23:33:05.760+0000] {processor.py:753} INFO - DAG(s) dict_keys(['booking_ingestion']) retrieved from /opt/airflow/dags/data_ingestion_dag/main.py
[2023-02-17T23:33:05.785+0000] {logging_mixin.py:137} INFO - [2023-02-17T23:33:05.785+0000] {dag.py:2690} INFO - Sync 1 DAGs
[2023-02-17T23:33:05.805+0000] {logging_mixin.py:137} INFO - [2023-02-17T23:33:05.805+0000] {dag.py:3441} INFO - Setting next_dagrun for booking_ingestion to 2023-02-17T23:22:06.849420+00:00, run_after=2023-02-18T23:22:06.849420+00:00
[2023-02-17T23:33:05.820+0000] {processor.py:175} INFO - Processing /opt/airflow/dags/data_ingestion_dag/main.py took 0.261 seconds
[2023-02-17T23:33:36.465+0000] {processor.py:153} INFO - Started process (PID=328) to work on /opt/airflow/dags/data_ingestion_dag/main.py
[2023-02-17T23:33:36.467+0000] {processor.py:743} INFO - Processing file /opt/airflow/dags/data_ingestion_dag/main.py for tasks to queue
[2023-02-17T23:33:36.469+0000] {logging_mixin.py:137} INFO - [2023-02-17T23:33:36.469+0000] {dagbag.py:538} INFO - Filling up the DagBag from /opt/airflow/dags/data_ingestion_dag/main.py
[2023-02-17T23:33:36.637+0000] {processor.py:753} INFO - DAG(s) dict_keys(['booking_ingestion']) retrieved from /opt/airflow/dags/data_ingestion_dag/main.py
[2023-02-17T23:33:36.659+0000] {logging_mixin.py:137} INFO - [2023-02-17T23:33:36.659+0000] {dag.py:2690} INFO - Sync 1 DAGs
[2023-02-17T23:33:36.681+0000] {logging_mixin.py:137} INFO - [2023-02-17T23:33:36.681+0000] {dag.py:3441} INFO - Setting next_dagrun for booking_ingestion to 2023-02-17T23:22:06.849420+00:00, run_after=2023-02-18T23:22:06.849420+00:00
[2023-02-17T23:33:36.700+0000] {processor.py:175} INFO - Processing /opt/airflow/dags/data_ingestion_dag/main.py took 0.239 seconds
[2023-02-17T23:34:07.168+0000] {processor.py:153} INFO - Started process (PID=393) to work on /opt/airflow/dags/data_ingestion_dag/main.py
[2023-02-17T23:34:07.172+0000] {processor.py:743} INFO - Processing file /opt/airflow/dags/data_ingestion_dag/main.py for tasks to queue
[2023-02-17T23:34:07.174+0000] {logging_mixin.py:137} INFO - [2023-02-17T23:34:07.174+0000] {dagbag.py:538} INFO - Filling up the DagBag from /opt/airflow/dags/data_ingestion_dag/main.py
[2023-02-17T23:34:07.338+0000] {processor.py:753} INFO - DAG(s) dict_keys(['booking_ingestion']) retrieved from /opt/airflow/dags/data_ingestion_dag/main.py
[2023-02-17T23:34:07.359+0000] {logging_mixin.py:137} INFO - [2023-02-17T23:34:07.359+0000] {dag.py:2690} INFO - Sync 1 DAGs
[2023-02-17T23:34:07.377+0000] {logging_mixin.py:137} INFO - [2023-02-17T23:34:07.377+0000] {dag.py:3441} INFO - Setting next_dagrun for booking_ingestion to 2023-02-17T23:22:06.849420+00:00, run_after=2023-02-18T23:22:06.849420+00:00
[2023-02-17T23:34:07.394+0000] {processor.py:175} INFO - Processing /opt/airflow/dags/data_ingestion_dag/main.py took 0.229 seconds
[2023-02-17T23:34:37.932+0000] {processor.py:153} INFO - Started process (PID=470) to work on /opt/airflow/dags/data_ingestion_dag/main.py
[2023-02-17T23:34:37.935+0000] {processor.py:743} INFO - Processing file /opt/airflow/dags/data_ingestion_dag/main.py for tasks to queue
[2023-02-17T23:34:37.936+0000] {logging_mixin.py:137} INFO - [2023-02-17T23:34:37.936+0000] {dagbag.py:538} INFO - Filling up the DagBag from /opt/airflow/dags/data_ingestion_dag/main.py
[2023-02-17T23:34:38.120+0000] {processor.py:753} INFO - DAG(s) dict_keys(['booking_ingestion']) retrieved from /opt/airflow/dags/data_ingestion_dag/main.py
[2023-02-17T23:34:38.143+0000] {logging_mixin.py:137} INFO - [2023-02-17T23:34:38.143+0000] {dag.py:2690} INFO - Sync 1 DAGs
[2023-02-17T23:34:38.163+0000] {logging_mixin.py:137} INFO - [2023-02-17T23:34:38.163+0000] {dag.py:3441} INFO - Setting next_dagrun for booking_ingestion to 2023-02-17T23:22:06.849420+00:00, run_after=2023-02-18T23:22:06.849420+00:00
[2023-02-17T23:34:38.180+0000] {processor.py:175} INFO - Processing /opt/airflow/dags/data_ingestion_dag/main.py took 0.255 seconds
[2023-02-17T23:35:08.861+0000] {processor.py:153} INFO - Started process (PID=548) to work on /opt/airflow/dags/data_ingestion_dag/main.py
[2023-02-17T23:35:08.866+0000] {processor.py:743} INFO - Processing file /opt/airflow/dags/data_ingestion_dag/main.py for tasks to queue
[2023-02-17T23:35:08.868+0000] {logging_mixin.py:137} INFO - [2023-02-17T23:35:08.868+0000] {dagbag.py:538} INFO - Filling up the DagBag from /opt/airflow/dags/data_ingestion_dag/main.py
[2023-02-17T23:35:09.059+0000] {processor.py:753} INFO - DAG(s) dict_keys(['booking_ingestion']) retrieved from /opt/airflow/dags/data_ingestion_dag/main.py
[2023-02-17T23:35:09.088+0000] {logging_mixin.py:137} INFO - [2023-02-17T23:35:09.087+0000] {dag.py:2690} INFO - Sync 1 DAGs
[2023-02-17T23:35:09.109+0000] {logging_mixin.py:137} INFO - [2023-02-17T23:35:09.109+0000] {dag.py:3441} INFO - Setting next_dagrun for booking_ingestion to 2023-02-17T23:22:06.849420+00:00, run_after=2023-02-18T23:22:06.849420+00:00
[2023-02-17T23:35:09.122+0000] {processor.py:175} INFO - Processing /opt/airflow/dags/data_ingestion_dag/main.py took 0.265 seconds
[2023-02-17T23:35:38.451+0000] {processor.py:153} INFO - Started process (PID=610) to work on /opt/airflow/dags/data_ingestion_dag/main.py
[2023-02-17T23:35:38.458+0000] {processor.py:743} INFO - Processing file /opt/airflow/dags/data_ingestion_dag/main.py for tasks to queue
[2023-02-17T23:35:38.462+0000] {logging_mixin.py:137} INFO - [2023-02-17T23:35:38.462+0000] {dagbag.py:538} INFO - Filling up the DagBag from /opt/airflow/dags/data_ingestion_dag/main.py
[2023-02-17T23:35:38.473+0000] {logging_mixin.py:137} INFO - [2023-02-17T23:35:38.472+0000] {dagbag.py:343} ERROR - Failed to import: /opt/airflow/dags/data_ingestion_dag/main.py
Traceback (most recent call last):
  File "/home/airflow/.local/lib/python3.7/site-packages/airflow/models/dagbag.py", line 339, in parse
    loader.exec_module(new_module)
  File "<frozen importlib._bootstrap_external>", line 724, in exec_module
  File "<frozen importlib._bootstrap_external>", line 860, in get_code
  File "<frozen importlib._bootstrap_external>", line 791, in source_to_code
  File "<frozen importlib._bootstrap>", line 219, in _call_with_frames_removed
  File "/opt/airflow/dags/data_ingestion_dag/main.py", line 49
    c.execute('''
    ^
SyntaxError: invalid syntax
[2023-02-17T23:35:38.474+0000] {processor.py:755} WARNING - No viable dags retrieved from /opt/airflow/dags/data_ingestion_dag/main.py
[2023-02-17T23:35:38.494+0000] {processor.py:175} INFO - Processing /opt/airflow/dags/data_ingestion_dag/main.py took 0.047 seconds
[2023-02-17T23:35:49.396+0000] {processor.py:153} INFO - Started process (PID=662) to work on /opt/airflow/dags/data_ingestion_dag/main.py
[2023-02-17T23:35:49.398+0000] {processor.py:743} INFO - Processing file /opt/airflow/dags/data_ingestion_dag/main.py for tasks to queue
[2023-02-17T23:35:49.400+0000] {logging_mixin.py:137} INFO - [2023-02-17T23:35:49.399+0000] {dagbag.py:538} INFO - Filling up the DagBag from /opt/airflow/dags/data_ingestion_dag/main.py
[2023-02-17T23:35:49.556+0000] {processor.py:753} INFO - DAG(s) dict_keys(['booking_ingestion']) retrieved from /opt/airflow/dags/data_ingestion_dag/main.py
[2023-02-17T23:35:49.575+0000] {logging_mixin.py:137} INFO - [2023-02-17T23:35:49.575+0000] {dag.py:2690} INFO - Sync 1 DAGs
[2023-02-17T23:35:49.592+0000] {logging_mixin.py:137} INFO - [2023-02-17T23:35:49.592+0000] {dag.py:3441} INFO - Setting next_dagrun for booking_ingestion to 2023-02-17T23:22:06.849420+00:00, run_after=2023-02-18T23:22:06.849420+00:00
[2023-02-17T23:35:49.610+0000] {processor.py:175} INFO - Processing /opt/airflow/dags/data_ingestion_dag/main.py took 0.216 seconds
[2023-02-17T23:35:51.483+0000] {processor.py:153} INFO - Started process (PID=664) to work on /opt/airflow/dags/data_ingestion_dag/main.py
[2023-02-17T23:35:51.489+0000] {processor.py:743} INFO - Processing file /opt/airflow/dags/data_ingestion_dag/main.py for tasks to queue
[2023-02-17T23:35:51.499+0000] {logging_mixin.py:137} INFO - [2023-02-17T23:35:51.499+0000] {dagbag.py:538} INFO - Filling up the DagBag from /opt/airflow/dags/data_ingestion_dag/main.py
[2023-02-17T23:35:51.710+0000] {processor.py:753} INFO - DAG(s) dict_keys(['booking_ingestion']) retrieved from /opt/airflow/dags/data_ingestion_dag/main.py
[2023-02-17T23:35:51.730+0000] {logging_mixin.py:137} INFO - [2023-02-17T23:35:51.729+0000] {dag.py:2690} INFO - Sync 1 DAGs
[2023-02-17T23:35:51.746+0000] {logging_mixin.py:137} INFO - [2023-02-17T23:35:51.746+0000] {dag.py:3441} INFO - Setting next_dagrun for booking_ingestion to 2023-02-17T23:22:06.849420+00:00, run_after=2023-02-18T23:22:06.849420+00:00
[2023-02-17T23:35:51.763+0000] {processor.py:175} INFO - Processing /opt/airflow/dags/data_ingestion_dag/main.py took 0.284 seconds
[2023-02-17T23:35:52.675+0000] {processor.py:153} INFO - Started process (PID=678) to work on /opt/airflow/dags/data_ingestion_dag/main.py
[2023-02-17T23:35:52.677+0000] {processor.py:743} INFO - Processing file /opt/airflow/dags/data_ingestion_dag/main.py for tasks to queue
[2023-02-17T23:35:52.678+0000] {logging_mixin.py:137} INFO - [2023-02-17T23:35:52.678+0000] {dagbag.py:538} INFO - Filling up the DagBag from /opt/airflow/dags/data_ingestion_dag/main.py
[2023-02-17T23:35:52.855+0000] {processor.py:753} INFO - DAG(s) dict_keys(['booking_ingestion']) retrieved from /opt/airflow/dags/data_ingestion_dag/main.py
[2023-02-17T23:35:52.875+0000] {logging_mixin.py:137} INFO - [2023-02-17T23:35:52.874+0000] {dag.py:2690} INFO - Sync 1 DAGs
[2023-02-17T23:35:52.892+0000] {logging_mixin.py:137} INFO - [2023-02-17T23:35:52.892+0000] {dag.py:3441} INFO - Setting next_dagrun for booking_ingestion to 2023-02-17T23:22:06.849420+00:00, run_after=2023-02-18T23:22:06.849420+00:00
[2023-02-17T23:35:52.910+0000] {processor.py:175} INFO - Processing /opt/airflow/dags/data_ingestion_dag/main.py took 0.238 seconds
[2023-02-17T23:36:22.889+0000] {processor.py:153} INFO - Started process (PID=33) to work on /opt/airflow/dags/data_ingestion_dag/main.py
[2023-02-17T23:36:22.891+0000] {processor.py:743} INFO - Processing file /opt/airflow/dags/data_ingestion_dag/main.py for tasks to queue
[2023-02-17T23:36:22.897+0000] {logging_mixin.py:137} INFO - [2023-02-17T23:36:22.896+0000] {dagbag.py:538} INFO - Filling up the DagBag from /opt/airflow/dags/data_ingestion_dag/main.py
[2023-02-17T23:36:23.134+0000] {processor.py:753} INFO - DAG(s) dict_keys(['booking_ingestion']) retrieved from /opt/airflow/dags/data_ingestion_dag/main.py
[2023-02-17T23:36:23.236+0000] {logging_mixin.py:137} INFO - [2023-02-17T23:36:23.236+0000] {dag.py:2690} INFO - Sync 1 DAGs
[2023-02-17T23:36:23.261+0000] {logging_mixin.py:137} INFO - [2023-02-17T23:36:23.261+0000] {dag.py:3441} INFO - Setting next_dagrun for booking_ingestion to 2023-02-17T23:22:06.849420+00:00, run_after=2023-02-18T23:22:06.849420+00:00
[2023-02-17T23:36:23.283+0000] {processor.py:175} INFO - Processing /opt/airflow/dags/data_ingestion_dag/main.py took 0.398 seconds
[2023-02-17T23:36:54.263+0000] {processor.py:153} INFO - Started process (PID=112) to work on /opt/airflow/dags/data_ingestion_dag/main.py
[2023-02-17T23:36:54.267+0000] {processor.py:743} INFO - Processing file /opt/airflow/dags/data_ingestion_dag/main.py for tasks to queue
[2023-02-17T23:36:54.269+0000] {logging_mixin.py:137} INFO - [2023-02-17T23:36:54.269+0000] {dagbag.py:538} INFO - Filling up the DagBag from /opt/airflow/dags/data_ingestion_dag/main.py
[2023-02-17T23:36:54.452+0000] {processor.py:753} INFO - DAG(s) dict_keys(['booking_ingestion']) retrieved from /opt/airflow/dags/data_ingestion_dag/main.py
[2023-02-17T23:36:54.473+0000] {logging_mixin.py:137} INFO - [2023-02-17T23:36:54.472+0000] {dag.py:2690} INFO - Sync 1 DAGs
[2023-02-17T23:36:54.491+0000] {logging_mixin.py:137} INFO - [2023-02-17T23:36:54.491+0000] {dag.py:3441} INFO - Setting next_dagrun for booking_ingestion to 2023-02-17T23:22:06.849420+00:00, run_after=2023-02-18T23:22:06.849420+00:00
[2023-02-17T23:36:54.505+0000] {processor.py:175} INFO - Processing /opt/airflow/dags/data_ingestion_dag/main.py took 0.247 seconds
[2023-02-17T23:37:25.051+0000] {processor.py:153} INFO - Started process (PID=177) to work on /opt/airflow/dags/data_ingestion_dag/main.py
[2023-02-17T23:37:25.059+0000] {processor.py:743} INFO - Processing file /opt/airflow/dags/data_ingestion_dag/main.py for tasks to queue
[2023-02-17T23:37:25.062+0000] {logging_mixin.py:137} INFO - [2023-02-17T23:37:25.062+0000] {dagbag.py:538} INFO - Filling up the DagBag from /opt/airflow/dags/data_ingestion_dag/main.py
[2023-02-17T23:37:25.231+0000] {processor.py:753} INFO - DAG(s) dict_keys(['booking_ingestion']) retrieved from /opt/airflow/dags/data_ingestion_dag/main.py
[2023-02-17T23:37:25.254+0000] {logging_mixin.py:137} INFO - [2023-02-17T23:37:25.253+0000] {dag.py:2690} INFO - Sync 1 DAGs
[2023-02-17T23:37:25.272+0000] {logging_mixin.py:137} INFO - [2023-02-17T23:37:25.272+0000] {dag.py:3441} INFO - Setting next_dagrun for booking_ingestion to 2023-02-17T23:22:06.849420+00:00, run_after=2023-02-18T23:22:06.849420+00:00
[2023-02-17T23:37:25.290+0000] {processor.py:175} INFO - Processing /opt/airflow/dags/data_ingestion_dag/main.py took 0.247 seconds
[2023-02-17T23:37:55.387+0000] {processor.py:153} INFO - Started process (PID=257) to work on /opt/airflow/dags/data_ingestion_dag/main.py
[2023-02-17T23:37:55.389+0000] {processor.py:743} INFO - Processing file /opt/airflow/dags/data_ingestion_dag/main.py for tasks to queue
[2023-02-17T23:37:55.391+0000] {logging_mixin.py:137} INFO - [2023-02-17T23:37:55.391+0000] {dagbag.py:538} INFO - Filling up the DagBag from /opt/airflow/dags/data_ingestion_dag/main.py
[2023-02-17T23:37:55.568+0000] {processor.py:753} INFO - DAG(s) dict_keys(['booking_ingestion']) retrieved from /opt/airflow/dags/data_ingestion_dag/main.py
[2023-02-17T23:37:55.587+0000] {logging_mixin.py:137} INFO - [2023-02-17T23:37:55.587+0000] {dag.py:2690} INFO - Sync 1 DAGs
[2023-02-17T23:37:55.603+0000] {logging_mixin.py:137} INFO - [2023-02-17T23:37:55.603+0000] {dag.py:3441} INFO - Setting next_dagrun for booking_ingestion to 2023-02-17T23:22:06.849420+00:00, run_after=2023-02-18T23:22:06.849420+00:00
[2023-02-17T23:37:55.615+0000] {processor.py:175} INFO - Processing /opt/airflow/dags/data_ingestion_dag/main.py took 0.231 seconds
[2023-02-17T23:38:26.115+0000] {processor.py:153} INFO - Started process (PID=333) to work on /opt/airflow/dags/data_ingestion_dag/main.py
[2023-02-17T23:38:26.117+0000] {processor.py:743} INFO - Processing file /opt/airflow/dags/data_ingestion_dag/main.py for tasks to queue
[2023-02-17T23:38:26.118+0000] {logging_mixin.py:137} INFO - [2023-02-17T23:38:26.118+0000] {dagbag.py:538} INFO - Filling up the DagBag from /opt/airflow/dags/data_ingestion_dag/main.py
[2023-02-17T23:38:26.301+0000] {processor.py:753} INFO - DAG(s) dict_keys(['booking_ingestion']) retrieved from /opt/airflow/dags/data_ingestion_dag/main.py
[2023-02-17T23:38:26.323+0000] {logging_mixin.py:137} INFO - [2023-02-17T23:38:26.323+0000] {dag.py:2690} INFO - Sync 1 DAGs
[2023-02-17T23:38:26.343+0000] {logging_mixin.py:137} INFO - [2023-02-17T23:38:26.343+0000] {dag.py:3441} INFO - Setting next_dagrun for booking_ingestion to 2023-02-17T23:22:06.849420+00:00, run_after=2023-02-18T23:22:06.849420+00:00
[2023-02-17T23:38:26.356+0000] {processor.py:175} INFO - Processing /opt/airflow/dags/data_ingestion_dag/main.py took 0.245 seconds
[2023-02-17T23:38:56.867+0000] {processor.py:153} INFO - Started process (PID=398) to work on /opt/airflow/dags/data_ingestion_dag/main.py
[2023-02-17T23:38:56.869+0000] {processor.py:743} INFO - Processing file /opt/airflow/dags/data_ingestion_dag/main.py for tasks to queue
[2023-02-17T23:38:56.872+0000] {logging_mixin.py:137} INFO - [2023-02-17T23:38:56.872+0000] {dagbag.py:538} INFO - Filling up the DagBag from /opt/airflow/dags/data_ingestion_dag/main.py
[2023-02-17T23:38:57.039+0000] {processor.py:753} INFO - DAG(s) dict_keys(['booking_ingestion']) retrieved from /opt/airflow/dags/data_ingestion_dag/main.py
[2023-02-17T23:38:57.059+0000] {logging_mixin.py:137} INFO - [2023-02-17T23:38:57.059+0000] {dag.py:2690} INFO - Sync 1 DAGs
[2023-02-17T23:38:57.077+0000] {logging_mixin.py:137} INFO - [2023-02-17T23:38:57.077+0000] {dag.py:3441} INFO - Setting next_dagrun for booking_ingestion to 2023-02-17T23:22:06.849420+00:00, run_after=2023-02-18T23:22:06.849420+00:00
[2023-02-17T23:38:57.090+0000] {processor.py:175} INFO - Processing /opt/airflow/dags/data_ingestion_dag/main.py took 0.228 seconds
[2023-02-17T23:39:27.692+0000] {processor.py:153} INFO - Started process (PID=475) to work on /opt/airflow/dags/data_ingestion_dag/main.py
[2023-02-17T23:39:27.694+0000] {processor.py:743} INFO - Processing file /opt/airflow/dags/data_ingestion_dag/main.py for tasks to queue
[2023-02-17T23:39:27.696+0000] {logging_mixin.py:137} INFO - [2023-02-17T23:39:27.696+0000] {dagbag.py:538} INFO - Filling up the DagBag from /opt/airflow/dags/data_ingestion_dag/main.py
[2023-02-17T23:39:27.874+0000] {processor.py:753} INFO - DAG(s) dict_keys(['booking_ingestion']) retrieved from /opt/airflow/dags/data_ingestion_dag/main.py
[2023-02-17T23:39:27.896+0000] {logging_mixin.py:137} INFO - [2023-02-17T23:39:27.895+0000] {dag.py:2690} INFO - Sync 1 DAGs
[2023-02-17T23:39:27.915+0000] {logging_mixin.py:137} INFO - [2023-02-17T23:39:27.915+0000] {dag.py:3441} INFO - Setting next_dagrun for booking_ingestion to 2023-02-17T23:22:06.849420+00:00, run_after=2023-02-18T23:22:06.849420+00:00
[2023-02-17T23:39:27.930+0000] {processor.py:175} INFO - Processing /opt/airflow/dags/data_ingestion_dag/main.py took 0.241 seconds
[2023-02-17T23:39:58.427+0000] {processor.py:153} INFO - Started process (PID=552) to work on /opt/airflow/dags/data_ingestion_dag/main.py
[2023-02-17T23:39:58.430+0000] {processor.py:743} INFO - Processing file /opt/airflow/dags/data_ingestion_dag/main.py for tasks to queue
[2023-02-17T23:39:58.431+0000] {logging_mixin.py:137} INFO - [2023-02-17T23:39:58.431+0000] {dagbag.py:538} INFO - Filling up the DagBag from /opt/airflow/dags/data_ingestion_dag/main.py
[2023-02-17T23:39:58.606+0000] {processor.py:753} INFO - DAG(s) dict_keys(['booking_ingestion']) retrieved from /opt/airflow/dags/data_ingestion_dag/main.py
[2023-02-17T23:39:58.626+0000] {logging_mixin.py:137} INFO - [2023-02-17T23:39:58.626+0000] {dag.py:2690} INFO - Sync 1 DAGs
[2023-02-17T23:39:58.646+0000] {logging_mixin.py:137} INFO - [2023-02-17T23:39:58.646+0000] {dag.py:3441} INFO - Setting next_dagrun for booking_ingestion to 2023-02-17T23:22:06.849420+00:00, run_after=2023-02-18T23:22:06.849420+00:00
[2023-02-17T23:39:58.660+0000] {processor.py:175} INFO - Processing /opt/airflow/dags/data_ingestion_dag/main.py took 0.238 seconds
[2023-02-17T23:40:29.163+0000] {processor.py:153} INFO - Started process (PID=618) to work on /opt/airflow/dags/data_ingestion_dag/main.py
[2023-02-17T23:40:29.165+0000] {processor.py:743} INFO - Processing file /opt/airflow/dags/data_ingestion_dag/main.py for tasks to queue
[2023-02-17T23:40:29.167+0000] {logging_mixin.py:137} INFO - [2023-02-17T23:40:29.167+0000] {dagbag.py:538} INFO - Filling up the DagBag from /opt/airflow/dags/data_ingestion_dag/main.py
[2023-02-17T23:40:29.333+0000] {processor.py:753} INFO - DAG(s) dict_keys(['booking_ingestion']) retrieved from /opt/airflow/dags/data_ingestion_dag/main.py
[2023-02-17T23:40:29.355+0000] {logging_mixin.py:137} INFO - [2023-02-17T23:40:29.355+0000] {dag.py:2690} INFO - Sync 1 DAGs
[2023-02-17T23:40:29.372+0000] {logging_mixin.py:137} INFO - [2023-02-17T23:40:29.372+0000] {dag.py:3441} INFO - Setting next_dagrun for booking_ingestion to 2023-02-17T23:22:06.849420+00:00, run_after=2023-02-18T23:22:06.849420+00:00
[2023-02-17T23:40:29.386+0000] {processor.py:175} INFO - Processing /opt/airflow/dags/data_ingestion_dag/main.py took 0.227 seconds
[2023-02-17T23:41:00.089+0000] {processor.py:153} INFO - Started process (PID=696) to work on /opt/airflow/dags/data_ingestion_dag/main.py
[2023-02-17T23:41:00.097+0000] {processor.py:743} INFO - Processing file /opt/airflow/dags/data_ingestion_dag/main.py for tasks to queue
[2023-02-17T23:41:00.098+0000] {logging_mixin.py:137} INFO - [2023-02-17T23:41:00.098+0000] {dagbag.py:538} INFO - Filling up the DagBag from /opt/airflow/dags/data_ingestion_dag/main.py
[2023-02-17T23:41:00.272+0000] {processor.py:753} INFO - DAG(s) dict_keys(['booking_ingestion']) retrieved from /opt/airflow/dags/data_ingestion_dag/main.py
[2023-02-17T23:41:00.293+0000] {logging_mixin.py:137} INFO - [2023-02-17T23:41:00.292+0000] {dag.py:2690} INFO - Sync 1 DAGs
[2023-02-17T23:41:00.311+0000] {logging_mixin.py:137} INFO - [2023-02-17T23:41:00.311+0000] {dag.py:3441} INFO - Setting next_dagrun for booking_ingestion to 2023-02-17T23:22:06.849420+00:00, run_after=2023-02-18T23:22:06.849420+00:00
[2023-02-17T23:41:00.327+0000] {processor.py:175} INFO - Processing /opt/airflow/dags/data_ingestion_dag/main.py took 0.247 seconds
[2023-02-17T23:41:30.807+0000] {processor.py:153} INFO - Started process (PID=773) to work on /opt/airflow/dags/data_ingestion_dag/main.py
[2023-02-17T23:41:30.808+0000] {processor.py:743} INFO - Processing file /opt/airflow/dags/data_ingestion_dag/main.py for tasks to queue
[2023-02-17T23:41:30.810+0000] {logging_mixin.py:137} INFO - [2023-02-17T23:41:30.810+0000] {dagbag.py:538} INFO - Filling up the DagBag from /opt/airflow/dags/data_ingestion_dag/main.py
[2023-02-17T23:41:30.977+0000] {processor.py:753} INFO - DAG(s) dict_keys(['booking_ingestion']) retrieved from /opt/airflow/dags/data_ingestion_dag/main.py
[2023-02-17T23:41:30.998+0000] {logging_mixin.py:137} INFO - [2023-02-17T23:41:30.997+0000] {dag.py:2690} INFO - Sync 1 DAGs
[2023-02-17T23:41:31.017+0000] {logging_mixin.py:137} INFO - [2023-02-17T23:41:31.017+0000] {dag.py:3441} INFO - Setting next_dagrun for booking_ingestion to 2023-02-17T23:22:06.849420+00:00, run_after=2023-02-18T23:22:06.849420+00:00
[2023-02-17T23:41:31.031+0000] {processor.py:175} INFO - Processing /opt/airflow/dags/data_ingestion_dag/main.py took 0.228 seconds
[2023-02-17T23:42:01.669+0000] {processor.py:153} INFO - Started process (PID=837) to work on /opt/airflow/dags/data_ingestion_dag/main.py
[2023-02-17T23:42:01.671+0000] {processor.py:743} INFO - Processing file /opt/airflow/dags/data_ingestion_dag/main.py for tasks to queue
[2023-02-17T23:42:01.674+0000] {logging_mixin.py:137} INFO - [2023-02-17T23:42:01.673+0000] {dagbag.py:538} INFO - Filling up the DagBag from /opt/airflow/dags/data_ingestion_dag/main.py
[2023-02-17T23:42:01.873+0000] {processor.py:753} INFO - DAG(s) dict_keys(['booking_ingestion']) retrieved from /opt/airflow/dags/data_ingestion_dag/main.py
[2023-02-17T23:42:01.895+0000] {logging_mixin.py:137} INFO - [2023-02-17T23:42:01.895+0000] {dag.py:2690} INFO - Sync 1 DAGs
[2023-02-17T23:42:01.925+0000] {logging_mixin.py:137} INFO - [2023-02-17T23:42:01.925+0000] {dag.py:3441} INFO - Setting next_dagrun for booking_ingestion to 2023-02-17T23:22:06.849420+00:00, run_after=2023-02-18T23:22:06.849420+00:00
[2023-02-17T23:42:01.945+0000] {processor.py:175} INFO - Processing /opt/airflow/dags/data_ingestion_dag/main.py took 0.281 seconds
[2023-02-17T23:42:25.652+0000] {processor.py:153} INFO - Started process (PID=908) to work on /opt/airflow/dags/data_ingestion_dag/main.py
[2023-02-17T23:42:25.655+0000] {processor.py:743} INFO - Processing file /opt/airflow/dags/data_ingestion_dag/main.py for tasks to queue
[2023-02-17T23:42:25.658+0000] {logging_mixin.py:137} INFO - [2023-02-17T23:42:25.658+0000] {dagbag.py:538} INFO - Filling up the DagBag from /opt/airflow/dags/data_ingestion_dag/main.py
[2023-02-17T23:42:25.849+0000] {processor.py:753} INFO - DAG(s) dict_keys(['booking_ingestion']) retrieved from /opt/airflow/dags/data_ingestion_dag/main.py
[2023-02-17T23:42:25.872+0000] {logging_mixin.py:137} INFO - [2023-02-17T23:42:25.872+0000] {dag.py:2690} INFO - Sync 1 DAGs
[2023-02-17T23:42:25.890+0000] {logging_mixin.py:137} INFO - [2023-02-17T23:42:25.890+0000] {dag.py:3441} INFO - Setting next_dagrun for booking_ingestion to 2023-02-17T23:22:06.849420+00:00, run_after=2023-02-18T23:22:06.849420+00:00
[2023-02-17T23:42:25.908+0000] {processor.py:175} INFO - Processing /opt/airflow/dags/data_ingestion_dag/main.py took 0.259 seconds
[2023-02-17T23:42:35.263+0000] {processor.py:153} INFO - Started process (PID=952) to work on /opt/airflow/dags/data_ingestion_dag/main.py
[2023-02-17T23:42:35.265+0000] {processor.py:743} INFO - Processing file /opt/airflow/dags/data_ingestion_dag/main.py for tasks to queue
[2023-02-17T23:42:35.267+0000] {logging_mixin.py:137} INFO - [2023-02-17T23:42:35.267+0000] {dagbag.py:538} INFO - Filling up the DagBag from /opt/airflow/dags/data_ingestion_dag/main.py
[2023-02-17T23:42:35.434+0000] {processor.py:753} INFO - DAG(s) dict_keys(['booking_ingestion']) retrieved from /opt/airflow/dags/data_ingestion_dag/main.py
[2023-02-17T23:42:35.459+0000] {logging_mixin.py:137} INFO - [2023-02-17T23:42:35.459+0000] {dag.py:2690} INFO - Sync 1 DAGs
[2023-02-17T23:42:35.477+0000] {logging_mixin.py:137} INFO - [2023-02-17T23:42:35.477+0000] {dag.py:3441} INFO - Setting next_dagrun for booking_ingestion to 2023-02-17T23:22:06.849420+00:00, run_after=2023-02-18T23:22:06.849420+00:00
[2023-02-17T23:42:35.493+0000] {processor.py:175} INFO - Processing /opt/airflow/dags/data_ingestion_dag/main.py took 0.233 seconds
[2023-02-17T23:42:55.566+0000] {processor.py:153} INFO - Started process (PID=979) to work on /opt/airflow/dags/data_ingestion_dag/main.py
[2023-02-17T23:42:55.568+0000] {processor.py:743} INFO - Processing file /opt/airflow/dags/data_ingestion_dag/main.py for tasks to queue
[2023-02-17T23:42:55.570+0000] {logging_mixin.py:137} INFO - [2023-02-17T23:42:55.570+0000] {dagbag.py:538} INFO - Filling up the DagBag from /opt/airflow/dags/data_ingestion_dag/main.py
[2023-02-17T23:42:55.737+0000] {processor.py:753} INFO - DAG(s) dict_keys(['booking_ingestion']) retrieved from /opt/airflow/dags/data_ingestion_dag/main.py
[2023-02-17T23:42:55.757+0000] {logging_mixin.py:137} INFO - [2023-02-17T23:42:55.757+0000] {dag.py:2690} INFO - Sync 1 DAGs
[2023-02-17T23:42:55.773+0000] {logging_mixin.py:137} INFO - [2023-02-17T23:42:55.773+0000] {dag.py:3441} INFO - Setting next_dagrun for booking_ingestion to 2023-02-17T23:22:06.849420+00:00, run_after=2023-02-18T23:22:06.849420+00:00
[2023-02-17T23:42:55.788+0000] {processor.py:175} INFO - Processing /opt/airflow/dags/data_ingestion_dag/main.py took 0.226 seconds
[2023-02-17T23:43:01.891+0000] {processor.py:153} INFO - Started process (PID=995) to work on /opt/airflow/dags/data_ingestion_dag/main.py
[2023-02-17T23:43:01.893+0000] {processor.py:743} INFO - Processing file /opt/airflow/dags/data_ingestion_dag/main.py for tasks to queue
[2023-02-17T23:43:01.894+0000] {logging_mixin.py:137} INFO - [2023-02-17T23:43:01.894+0000] {dagbag.py:538} INFO - Filling up the DagBag from /opt/airflow/dags/data_ingestion_dag/main.py
[2023-02-17T23:43:02.082+0000] {processor.py:753} INFO - DAG(s) dict_keys(['booking_ingestion']) retrieved from /opt/airflow/dags/data_ingestion_dag/main.py
[2023-02-17T23:43:02.105+0000] {logging_mixin.py:137} INFO - [2023-02-17T23:43:02.105+0000] {dag.py:2690} INFO - Sync 1 DAGs
[2023-02-17T23:43:02.127+0000] {logging_mixin.py:137} INFO - [2023-02-17T23:43:02.127+0000] {dag.py:3441} INFO - Setting next_dagrun for booking_ingestion to 2023-02-17T23:22:06.849420+00:00, run_after=2023-02-18T23:22:06.849420+00:00
[2023-02-17T23:43:02.152+0000] {processor.py:175} INFO - Processing /opt/airflow/dags/data_ingestion_dag/main.py took 0.264 seconds
[2023-02-17T23:43:08.502+0000] {processor.py:153} INFO - Started process (PID=1034) to work on /opt/airflow/dags/data_ingestion_dag/main.py
[2023-02-17T23:43:08.504+0000] {processor.py:743} INFO - Processing file /opt/airflow/dags/data_ingestion_dag/main.py for tasks to queue
[2023-02-17T23:43:08.506+0000] {logging_mixin.py:137} INFO - [2023-02-17T23:43:08.506+0000] {dagbag.py:538} INFO - Filling up the DagBag from /opt/airflow/dags/data_ingestion_dag/main.py
[2023-02-17T23:43:08.666+0000] {processor.py:753} INFO - DAG(s) dict_keys(['booking_ingestion']) retrieved from /opt/airflow/dags/data_ingestion_dag/main.py
[2023-02-17T23:43:08.686+0000] {logging_mixin.py:137} INFO - [2023-02-17T23:43:08.685+0000] {dag.py:2690} INFO - Sync 1 DAGs
[2023-02-17T23:43:08.702+0000] {logging_mixin.py:137} INFO - [2023-02-17T23:43:08.702+0000] {dag.py:3441} INFO - Setting next_dagrun for booking_ingestion to 2023-02-17T23:22:06.849420+00:00, run_after=2023-02-18T23:22:06.849420+00:00
[2023-02-17T23:43:08.719+0000] {processor.py:175} INFO - Processing /opt/airflow/dags/data_ingestion_dag/main.py took 0.221 seconds
[2023-02-17T23:43:12.566+0000] {processor.py:153} INFO - Started process (PID=1048) to work on /opt/airflow/dags/data_ingestion_dag/main.py
[2023-02-17T23:43:12.568+0000] {processor.py:743} INFO - Processing file /opt/airflow/dags/data_ingestion_dag/main.py for tasks to queue
[2023-02-17T23:43:12.571+0000] {logging_mixin.py:137} INFO - [2023-02-17T23:43:12.570+0000] {dagbag.py:538} INFO - Filling up the DagBag from /opt/airflow/dags/data_ingestion_dag/main.py
[2023-02-17T23:43:12.774+0000] {processor.py:753} INFO - DAG(s) dict_keys(['booking_ingestion']) retrieved from /opt/airflow/dags/data_ingestion_dag/main.py
[2023-02-17T23:43:12.796+0000] {logging_mixin.py:137} INFO - [2023-02-17T23:43:12.795+0000] {dag.py:2690} INFO - Sync 1 DAGs
[2023-02-17T23:43:12.814+0000] {logging_mixin.py:137} INFO - [2023-02-17T23:43:12.814+0000] {dag.py:3441} INFO - Setting next_dagrun for booking_ingestion to 2023-02-17T23:22:06.849420+00:00, run_after=2023-02-18T23:22:06.849420+00:00
[2023-02-17T23:43:12.833+0000] {processor.py:175} INFO - Processing /opt/airflow/dags/data_ingestion_dag/main.py took 0.270 seconds
[2023-02-17T23:43:48.512+0000] {processor.py:153} INFO - Started process (PID=33) to work on /opt/airflow/dags/data_ingestion_dag/main.py
[2023-02-17T23:43:48.518+0000] {processor.py:743} INFO - Processing file /opt/airflow/dags/data_ingestion_dag/main.py for tasks to queue
[2023-02-17T23:43:48.520+0000] {logging_mixin.py:137} INFO - [2023-02-17T23:43:48.520+0000] {dagbag.py:538} INFO - Filling up the DagBag from /opt/airflow/dags/data_ingestion_dag/main.py
[2023-02-17T23:43:48.767+0000] {processor.py:753} INFO - DAG(s) dict_keys(['booking_ingestion']) retrieved from /opt/airflow/dags/data_ingestion_dag/main.py
[2023-02-17T23:43:48.844+0000] {logging_mixin.py:137} INFO - [2023-02-17T23:43:48.844+0000] {dag.py:2690} INFO - Sync 1 DAGs
[2023-02-17T23:43:48.863+0000] {logging_mixin.py:137} INFO - [2023-02-17T23:43:48.862+0000] {dag.py:3441} INFO - Setting next_dagrun for booking_ingestion to 2023-02-17T23:22:06.849420+00:00, run_after=2023-02-18T23:22:06.849420+00:00
[2023-02-17T23:43:48.892+0000] {processor.py:175} INFO - Processing /opt/airflow/dags/data_ingestion_dag/main.py took 0.387 seconds
[2023-02-17T23:44:18.992+0000] {processor.py:153} INFO - Started process (PID=110) to work on /opt/airflow/dags/data_ingestion_dag/main.py
[2023-02-17T23:44:18.994+0000] {processor.py:743} INFO - Processing file /opt/airflow/dags/data_ingestion_dag/main.py for tasks to queue
[2023-02-17T23:44:18.995+0000] {logging_mixin.py:137} INFO - [2023-02-17T23:44:18.995+0000] {dagbag.py:538} INFO - Filling up the DagBag from /opt/airflow/dags/data_ingestion_dag/main.py
[2023-02-17T23:44:19.177+0000] {processor.py:753} INFO - DAG(s) dict_keys(['booking_ingestion']) retrieved from /opt/airflow/dags/data_ingestion_dag/main.py
[2023-02-17T23:44:19.198+0000] {logging_mixin.py:137} INFO - [2023-02-17T23:44:19.198+0000] {dag.py:2690} INFO - Sync 1 DAGs
[2023-02-17T23:44:19.218+0000] {logging_mixin.py:137} INFO - [2023-02-17T23:44:19.217+0000] {dag.py:3441} INFO - Setting next_dagrun for booking_ingestion to 2023-02-17T23:22:06.849420+00:00, run_after=2023-02-18T23:22:06.849420+00:00
[2023-02-17T23:44:19.232+0000] {processor.py:175} INFO - Processing /opt/airflow/dags/data_ingestion_dag/main.py took 0.244 seconds
[2023-02-17T23:44:49.737+0000] {processor.py:153} INFO - Started process (PID=174) to work on /opt/airflow/dags/data_ingestion_dag/main.py
[2023-02-17T23:44:49.744+0000] {processor.py:743} INFO - Processing file /opt/airflow/dags/data_ingestion_dag/main.py for tasks to queue
[2023-02-17T23:44:49.747+0000] {logging_mixin.py:137} INFO - [2023-02-17T23:44:49.747+0000] {dagbag.py:538} INFO - Filling up the DagBag from /opt/airflow/dags/data_ingestion_dag/main.py
[2023-02-17T23:44:49.941+0000] {processor.py:753} INFO - DAG(s) dict_keys(['booking_ingestion']) retrieved from /opt/airflow/dags/data_ingestion_dag/main.py
[2023-02-17T23:44:49.968+0000] {logging_mixin.py:137} INFO - [2023-02-17T23:44:49.967+0000] {dag.py:2690} INFO - Sync 1 DAGs
[2023-02-17T23:44:49.986+0000] {logging_mixin.py:137} INFO - [2023-02-17T23:44:49.985+0000] {dag.py:3441} INFO - Setting next_dagrun for booking_ingestion to 2023-02-17T23:22:06.849420+00:00, run_after=2023-02-18T23:22:06.849420+00:00
[2023-02-17T23:44:49.999+0000] {processor.py:175} INFO - Processing /opt/airflow/dags/data_ingestion_dag/main.py took 0.266 seconds
[2023-02-17T23:45:20.859+0000] {processor.py:153} INFO - Started process (PID=249) to work on /opt/airflow/dags/data_ingestion_dag/main.py
[2023-02-17T23:45:20.865+0000] {processor.py:743} INFO - Processing file /opt/airflow/dags/data_ingestion_dag/main.py for tasks to queue
[2023-02-17T23:45:20.867+0000] {logging_mixin.py:137} INFO - [2023-02-17T23:45:20.867+0000] {dagbag.py:538} INFO - Filling up the DagBag from /opt/airflow/dags/data_ingestion_dag/main.py
[2023-02-17T23:45:21.062+0000] {processor.py:753} INFO - DAG(s) dict_keys(['booking_ingestion']) retrieved from /opt/airflow/dags/data_ingestion_dag/main.py
[2023-02-17T23:45:21.087+0000] {logging_mixin.py:137} INFO - [2023-02-17T23:45:21.085+0000] {dag.py:2690} INFO - Sync 1 DAGs
[2023-02-17T23:45:21.116+0000] {logging_mixin.py:137} INFO - [2023-02-17T23:45:21.116+0000] {dag.py:3441} INFO - Setting next_dagrun for booking_ingestion to 2023-02-17T23:22:06.849420+00:00, run_after=2023-02-18T23:22:06.849420+00:00
[2023-02-17T23:45:21.130+0000] {processor.py:175} INFO - Processing /opt/airflow/dags/data_ingestion_dag/main.py took 0.277 seconds
[2023-02-17T23:45:51.215+0000] {processor.py:153} INFO - Started process (PID=326) to work on /opt/airflow/dags/data_ingestion_dag/main.py
[2023-02-17T23:45:51.217+0000] {processor.py:743} INFO - Processing file /opt/airflow/dags/data_ingestion_dag/main.py for tasks to queue
[2023-02-17T23:45:51.219+0000] {logging_mixin.py:137} INFO - [2023-02-17T23:45:51.218+0000] {dagbag.py:538} INFO - Filling up the DagBag from /opt/airflow/dags/data_ingestion_dag/main.py
[2023-02-17T23:45:51.401+0000] {processor.py:753} INFO - DAG(s) dict_keys(['booking_ingestion']) retrieved from /opt/airflow/dags/data_ingestion_dag/main.py
[2023-02-17T23:45:51.425+0000] {logging_mixin.py:137} INFO - [2023-02-17T23:45:51.424+0000] {dag.py:2690} INFO - Sync 1 DAGs
[2023-02-17T23:45:51.444+0000] {logging_mixin.py:137} INFO - [2023-02-17T23:45:51.444+0000] {dag.py:3441} INFO - Setting next_dagrun for booking_ingestion to 2023-02-17T23:22:06.849420+00:00, run_after=2023-02-18T23:22:06.849420+00:00
[2023-02-17T23:45:51.461+0000] {processor.py:175} INFO - Processing /opt/airflow/dags/data_ingestion_dag/main.py took 0.250 seconds
[2023-02-17T23:46:22.024+0000] {processor.py:153} INFO - Started process (PID=391) to work on /opt/airflow/dags/data_ingestion_dag/main.py
[2023-02-17T23:46:22.026+0000] {processor.py:743} INFO - Processing file /opt/airflow/dags/data_ingestion_dag/main.py for tasks to queue
[2023-02-17T23:46:22.027+0000] {logging_mixin.py:137} INFO - [2023-02-17T23:46:22.027+0000] {dagbag.py:538} INFO - Filling up the DagBag from /opt/airflow/dags/data_ingestion_dag/main.py
[2023-02-17T23:46:22.211+0000] {processor.py:753} INFO - DAG(s) dict_keys(['booking_ingestion']) retrieved from /opt/airflow/dags/data_ingestion_dag/main.py
[2023-02-17T23:46:22.248+0000] {logging_mixin.py:137} INFO - [2023-02-17T23:46:22.248+0000] {dag.py:2690} INFO - Sync 1 DAGs
[2023-02-17T23:46:22.272+0000] {logging_mixin.py:137} INFO - [2023-02-17T23:46:22.272+0000] {dag.py:3441} INFO - Setting next_dagrun for booking_ingestion to 2023-02-17T23:22:06.849420+00:00, run_after=2023-02-18T23:22:06.849420+00:00
[2023-02-17T23:46:22.288+0000] {processor.py:175} INFO - Processing /opt/airflow/dags/data_ingestion_dag/main.py took 0.267 seconds
[2023-02-17T23:46:36.841+0000] {processor.py:153} INFO - Started process (PID=456) to work on /opt/airflow/dags/data_ingestion_dag/main.py
[2023-02-17T23:46:36.843+0000] {processor.py:743} INFO - Processing file /opt/airflow/dags/data_ingestion_dag/main.py for tasks to queue
[2023-02-17T23:46:36.846+0000] {logging_mixin.py:137} INFO - [2023-02-17T23:46:36.846+0000] {dagbag.py:538} INFO - Filling up the DagBag from /opt/airflow/dags/data_ingestion_dag/main.py
[2023-02-17T23:46:37.039+0000] {processor.py:753} INFO - DAG(s) dict_keys(['booking_ingestion']) retrieved from /opt/airflow/dags/data_ingestion_dag/main.py
[2023-02-17T23:46:37.061+0000] {logging_mixin.py:137} INFO - [2023-02-17T23:46:37.060+0000] {dag.py:2690} INFO - Sync 1 DAGs
[2023-02-17T23:46:37.081+0000] {logging_mixin.py:137} INFO - [2023-02-17T23:46:37.081+0000] {dag.py:3441} INFO - Setting next_dagrun for booking_ingestion to 2023-02-17T23:22:06.849420+00:00, run_after=2023-02-18T23:22:06.849420+00:00
[2023-02-17T23:46:37.096+0000] {processor.py:175} INFO - Processing /opt/airflow/dags/data_ingestion_dag/main.py took 0.258 seconds
[2023-02-17T23:47:07.178+0000] {processor.py:153} INFO - Started process (PID=33) to work on /opt/airflow/dags/data_ingestion_dag/main.py
[2023-02-17T23:47:07.182+0000] {processor.py:743} INFO - Processing file /opt/airflow/dags/data_ingestion_dag/main.py for tasks to queue
[2023-02-17T23:47:07.183+0000] {logging_mixin.py:137} INFO - [2023-02-17T23:47:07.183+0000] {dagbag.py:538} INFO - Filling up the DagBag from /opt/airflow/dags/data_ingestion_dag/main.py
[2023-02-17T23:47:07.405+0000] {processor.py:753} INFO - DAG(s) dict_keys(['booking_ingestion']) retrieved from /opt/airflow/dags/data_ingestion_dag/main.py
[2023-02-17T23:47:07.464+0000] {logging_mixin.py:137} INFO - [2023-02-17T23:47:07.464+0000] {dag.py:2690} INFO - Sync 1 DAGs
[2023-02-17T23:47:07.486+0000] {logging_mixin.py:137} INFO - [2023-02-17T23:47:07.486+0000] {dag.py:3441} INFO - Setting next_dagrun for booking_ingestion to 2023-02-17T23:22:06.849420+00:00, run_after=2023-02-18T23:22:06.849420+00:00
[2023-02-17T23:47:07.515+0000] {processor.py:175} INFO - Processing /opt/airflow/dags/data_ingestion_dag/main.py took 0.356 seconds
[2023-02-17T23:47:37.724+0000] {processor.py:153} INFO - Started process (PID=111) to work on /opt/airflow/dags/data_ingestion_dag/main.py
[2023-02-17T23:47:37.726+0000] {processor.py:743} INFO - Processing file /opt/airflow/dags/data_ingestion_dag/main.py for tasks to queue
[2023-02-17T23:47:37.728+0000] {logging_mixin.py:137} INFO - [2023-02-17T23:47:37.728+0000] {dagbag.py:538} INFO - Filling up the DagBag from /opt/airflow/dags/data_ingestion_dag/main.py
[2023-02-17T23:47:37.954+0000] {processor.py:753} INFO - DAG(s) dict_keys(['booking_ingestion']) retrieved from /opt/airflow/dags/data_ingestion_dag/main.py
[2023-02-17T23:47:38.016+0000] {logging_mixin.py:137} INFO - [2023-02-17T23:47:38.002+0000] {dag.py:2690} INFO - Sync 1 DAGs
[2023-02-17T23:47:38.043+0000] {logging_mixin.py:137} INFO - [2023-02-17T23:47:38.043+0000] {dag.py:3441} INFO - Setting next_dagrun for booking_ingestion to 2023-02-17T23:22:06.849420+00:00, run_after=2023-02-18T23:22:06.849420+00:00
[2023-02-17T23:47:38.078+0000] {processor.py:175} INFO - Processing /opt/airflow/dags/data_ingestion_dag/main.py took 0.358 seconds
[2023-02-17T23:48:08.858+0000] {processor.py:153} INFO - Started process (PID=176) to work on /opt/airflow/dags/data_ingestion_dag/main.py
[2023-02-17T23:48:08.862+0000] {processor.py:743} INFO - Processing file /opt/airflow/dags/data_ingestion_dag/main.py for tasks to queue
[2023-02-17T23:48:08.864+0000] {logging_mixin.py:137} INFO - [2023-02-17T23:48:08.864+0000] {dagbag.py:538} INFO - Filling up the DagBag from /opt/airflow/dags/data_ingestion_dag/main.py
[2023-02-17T23:48:09.052+0000] {processor.py:753} INFO - DAG(s) dict_keys(['booking_ingestion']) retrieved from /opt/airflow/dags/data_ingestion_dag/main.py
[2023-02-17T23:48:09.073+0000] {logging_mixin.py:137} INFO - [2023-02-17T23:48:09.073+0000] {dag.py:2690} INFO - Sync 1 DAGs
[2023-02-17T23:48:09.091+0000] {logging_mixin.py:137} INFO - [2023-02-17T23:48:09.091+0000] {dag.py:3441} INFO - Setting next_dagrun for booking_ingestion to 2023-02-17T23:22:06.849420+00:00, run_after=2023-02-18T23:22:06.849420+00:00
[2023-02-17T23:48:09.105+0000] {processor.py:175} INFO - Processing /opt/airflow/dags/data_ingestion_dag/main.py took 0.251 seconds
[2023-02-17T23:48:39.197+0000] {processor.py:153} INFO - Started process (PID=255) to work on /opt/airflow/dags/data_ingestion_dag/main.py
[2023-02-17T23:48:39.199+0000] {processor.py:743} INFO - Processing file /opt/airflow/dags/data_ingestion_dag/main.py for tasks to queue
[2023-02-17T23:48:39.200+0000] {logging_mixin.py:137} INFO - [2023-02-17T23:48:39.200+0000] {dagbag.py:538} INFO - Filling up the DagBag from /opt/airflow/dags/data_ingestion_dag/main.py
[2023-02-17T23:48:39.345+0000] {processor.py:753} INFO - DAG(s) dict_keys(['booking_ingestion']) retrieved from /opt/airflow/dags/data_ingestion_dag/main.py
[2023-02-17T23:48:39.366+0000] {logging_mixin.py:137} INFO - [2023-02-17T23:48:39.366+0000] {dag.py:2690} INFO - Sync 1 DAGs
[2023-02-17T23:48:39.383+0000] {logging_mixin.py:137} INFO - [2023-02-17T23:48:39.383+0000] {dag.py:3441} INFO - Setting next_dagrun for booking_ingestion to 2023-02-17T23:22:06.849420+00:00, run_after=2023-02-18T23:22:06.849420+00:00
[2023-02-17T23:48:39.396+0000] {processor.py:175} INFO - Processing /opt/airflow/dags/data_ingestion_dag/main.py took 0.201 seconds
[2023-02-17T23:48:55.990+0000] {processor.py:153} INFO - Started process (PID=306) to work on /opt/airflow/dags/data_ingestion_dag/main.py
[2023-02-17T23:48:55.992+0000] {processor.py:743} INFO - Processing file /opt/airflow/dags/data_ingestion_dag/main.py for tasks to queue
[2023-02-17T23:48:55.996+0000] {logging_mixin.py:137} INFO - [2023-02-17T23:48:55.996+0000] {dagbag.py:538} INFO - Filling up the DagBag from /opt/airflow/dags/data_ingestion_dag/main.py
[2023-02-17T23:48:56.174+0000] {processor.py:753} INFO - DAG(s) dict_keys(['booking_ingestion']) retrieved from /opt/airflow/dags/data_ingestion_dag/main.py
[2023-02-17T23:48:56.197+0000] {logging_mixin.py:137} INFO - [2023-02-17T23:48:56.197+0000] {dag.py:2690} INFO - Sync 1 DAGs
[2023-02-17T23:48:56.218+0000] {logging_mixin.py:137} INFO - [2023-02-17T23:48:56.218+0000] {dag.py:3441} INFO - Setting next_dagrun for booking_ingestion to 2023-02-17T23:22:06.849420+00:00, run_after=2023-02-18T23:22:06.849420+00:00
[2023-02-17T23:48:56.235+0000] {processor.py:175} INFO - Processing /opt/airflow/dags/data_ingestion_dag/main.py took 0.247 seconds
[2023-02-17T23:49:26.855+0000] {processor.py:153} INFO - Started process (PID=383) to work on /opt/airflow/dags/data_ingestion_dag/main.py
[2023-02-17T23:49:26.857+0000] {processor.py:743} INFO - Processing file /opt/airflow/dags/data_ingestion_dag/main.py for tasks to queue
[2023-02-17T23:49:26.858+0000] {logging_mixin.py:137} INFO - [2023-02-17T23:49:26.858+0000] {dagbag.py:538} INFO - Filling up the DagBag from /opt/airflow/dags/data_ingestion_dag/main.py
[2023-02-17T23:49:27.004+0000] {processor.py:753} INFO - DAG(s) dict_keys(['booking_ingestion']) retrieved from /opt/airflow/dags/data_ingestion_dag/main.py
[2023-02-17T23:49:27.025+0000] {logging_mixin.py:137} INFO - [2023-02-17T23:49:27.025+0000] {dag.py:2690} INFO - Sync 1 DAGs
[2023-02-17T23:49:27.041+0000] {logging_mixin.py:137} INFO - [2023-02-17T23:49:27.041+0000] {dag.py:3441} INFO - Setting next_dagrun for booking_ingestion to 2023-02-17T23:22:06.849420+00:00, run_after=2023-02-18T23:22:06.849420+00:00
[2023-02-17T23:49:27.054+0000] {processor.py:175} INFO - Processing /opt/airflow/dags/data_ingestion_dag/main.py took 0.202 seconds
[2023-02-17T23:49:57.866+0000] {processor.py:153} INFO - Started process (PID=461) to work on /opt/airflow/dags/data_ingestion_dag/main.py
[2023-02-17T23:49:57.868+0000] {processor.py:743} INFO - Processing file /opt/airflow/dags/data_ingestion_dag/main.py for tasks to queue
[2023-02-17T23:49:57.870+0000] {logging_mixin.py:137} INFO - [2023-02-17T23:49:57.870+0000] {dagbag.py:538} INFO - Filling up the DagBag from /opt/airflow/dags/data_ingestion_dag/main.py
[2023-02-17T23:49:58.025+0000] {processor.py:753} INFO - DAG(s) dict_keys(['booking_ingestion']) retrieved from /opt/airflow/dags/data_ingestion_dag/main.py
[2023-02-17T23:49:58.045+0000] {logging_mixin.py:137} INFO - [2023-02-17T23:49:58.045+0000] {dag.py:2690} INFO - Sync 1 DAGs
[2023-02-17T23:49:58.063+0000] {logging_mixin.py:137} INFO - [2023-02-17T23:49:58.062+0000] {dag.py:3441} INFO - Setting next_dagrun for booking_ingestion to 2023-02-17T23:22:06.849420+00:00, run_after=2023-02-18T23:22:06.849420+00:00
[2023-02-17T23:49:58.076+0000] {processor.py:175} INFO - Processing /opt/airflow/dags/data_ingestion_dag/main.py took 0.213 seconds
[2023-02-17T23:50:29.110+0000] {processor.py:153} INFO - Started process (PID=526) to work on /opt/airflow/dags/data_ingestion_dag/main.py
[2023-02-17T23:50:29.113+0000] {processor.py:743} INFO - Processing file /opt/airflow/dags/data_ingestion_dag/main.py for tasks to queue
[2023-02-17T23:50:29.114+0000] {logging_mixin.py:137} INFO - [2023-02-17T23:50:29.114+0000] {dagbag.py:538} INFO - Filling up the DagBag from /opt/airflow/dags/data_ingestion_dag/main.py
[2023-02-17T23:50:29.269+0000] {processor.py:753} INFO - DAG(s) dict_keys(['booking_ingestion']) retrieved from /opt/airflow/dags/data_ingestion_dag/main.py
[2023-02-17T23:50:29.290+0000] {logging_mixin.py:137} INFO - [2023-02-17T23:50:29.289+0000] {dag.py:2690} INFO - Sync 1 DAGs
[2023-02-17T23:50:29.307+0000] {logging_mixin.py:137} INFO - [2023-02-17T23:50:29.307+0000] {dag.py:3441} INFO - Setting next_dagrun for booking_ingestion to 2023-02-17T23:22:06.849420+00:00, run_after=2023-02-18T23:22:06.849420+00:00
[2023-02-17T23:50:29.320+0000] {processor.py:175} INFO - Processing /opt/airflow/dags/data_ingestion_dag/main.py took 0.212 seconds
[2023-02-17T23:51:00.336+0000] {processor.py:153} INFO - Started process (PID=602) to work on /opt/airflow/dags/data_ingestion_dag/main.py
[2023-02-17T23:51:00.338+0000] {processor.py:743} INFO - Processing file /opt/airflow/dags/data_ingestion_dag/main.py for tasks to queue
[2023-02-17T23:51:00.340+0000] {logging_mixin.py:137} INFO - [2023-02-17T23:51:00.340+0000] {dagbag.py:538} INFO - Filling up the DagBag from /opt/airflow/dags/data_ingestion_dag/main.py
[2023-02-17T23:51:00.496+0000] {processor.py:753} INFO - DAG(s) dict_keys(['booking_ingestion']) retrieved from /opt/airflow/dags/data_ingestion_dag/main.py
[2023-02-17T23:51:00.518+0000] {logging_mixin.py:137} INFO - [2023-02-17T23:51:00.517+0000] {dag.py:2690} INFO - Sync 1 DAGs
[2023-02-17T23:51:00.534+0000] {logging_mixin.py:137} INFO - [2023-02-17T23:51:00.534+0000] {dag.py:3441} INFO - Setting next_dagrun for booking_ingestion to 2023-02-17T23:22:06.849420+00:00, run_after=2023-02-18T23:22:06.849420+00:00
[2023-02-17T23:51:00.547+0000] {processor.py:175} INFO - Processing /opt/airflow/dags/data_ingestion_dag/main.py took 0.215 seconds
[2023-02-17T23:51:31.589+0000] {processor.py:153} INFO - Started process (PID=679) to work on /opt/airflow/dags/data_ingestion_dag/main.py
[2023-02-17T23:51:31.592+0000] {processor.py:743} INFO - Processing file /opt/airflow/dags/data_ingestion_dag/main.py for tasks to queue
[2023-02-17T23:51:31.595+0000] {logging_mixin.py:137} INFO - [2023-02-17T23:51:31.595+0000] {dagbag.py:538} INFO - Filling up the DagBag from /opt/airflow/dags/data_ingestion_dag/main.py
[2023-02-17T23:51:31.744+0000] {processor.py:753} INFO - DAG(s) dict_keys(['booking_ingestion']) retrieved from /opt/airflow/dags/data_ingestion_dag/main.py
[2023-02-17T23:51:31.764+0000] {logging_mixin.py:137} INFO - [2023-02-17T23:51:31.764+0000] {dag.py:2690} INFO - Sync 1 DAGs
[2023-02-17T23:51:31.780+0000] {logging_mixin.py:137} INFO - [2023-02-17T23:51:31.780+0000] {dag.py:3441} INFO - Setting next_dagrun for booking_ingestion to 2023-02-17T23:22:06.849420+00:00, run_after=2023-02-18T23:22:06.849420+00:00
[2023-02-17T23:51:31.792+0000] {processor.py:175} INFO - Processing /opt/airflow/dags/data_ingestion_dag/main.py took 0.208 seconds
[2023-02-17T23:52:02.832+0000] {processor.py:153} INFO - Started process (PID=755) to work on /opt/airflow/dags/data_ingestion_dag/main.py
[2023-02-17T23:52:02.834+0000] {processor.py:743} INFO - Processing file /opt/airflow/dags/data_ingestion_dag/main.py for tasks to queue
[2023-02-17T23:52:02.836+0000] {logging_mixin.py:137} INFO - [2023-02-17T23:52:02.836+0000] {dagbag.py:538} INFO - Filling up the DagBag from /opt/airflow/dags/data_ingestion_dag/main.py
[2023-02-17T23:52:02.990+0000] {processor.py:753} INFO - DAG(s) dict_keys(['booking_ingestion']) retrieved from /opt/airflow/dags/data_ingestion_dag/main.py
[2023-02-17T23:52:03.011+0000] {logging_mixin.py:137} INFO - [2023-02-17T23:52:03.011+0000] {dag.py:2690} INFO - Sync 1 DAGs
[2023-02-17T23:52:03.028+0000] {logging_mixin.py:137} INFO - [2023-02-17T23:52:03.028+0000] {dag.py:3441} INFO - Setting next_dagrun for booking_ingestion to 2023-02-17T23:22:06.849420+00:00, run_after=2023-02-18T23:22:06.849420+00:00
[2023-02-17T23:52:03.042+0000] {processor.py:175} INFO - Processing /opt/airflow/dags/data_ingestion_dag/main.py took 0.214 seconds
[2023-02-17T23:52:33.141+0000] {processor.py:153} INFO - Started process (PID=820) to work on /opt/airflow/dags/data_ingestion_dag/main.py
[2023-02-17T23:52:33.151+0000] {processor.py:743} INFO - Processing file /opt/airflow/dags/data_ingestion_dag/main.py for tasks to queue
[2023-02-17T23:52:33.153+0000] {logging_mixin.py:137} INFO - [2023-02-17T23:52:33.153+0000] {dagbag.py:538} INFO - Filling up the DagBag from /opt/airflow/dags/data_ingestion_dag/main.py
[2023-02-17T23:52:33.361+0000] {processor.py:753} INFO - DAG(s) dict_keys(['booking_ingestion']) retrieved from /opt/airflow/dags/data_ingestion_dag/main.py
[2023-02-17T23:52:33.384+0000] {logging_mixin.py:137} INFO - [2023-02-17T23:52:33.384+0000] {dag.py:2690} INFO - Sync 1 DAGs
[2023-02-17T23:52:33.404+0000] {logging_mixin.py:137} INFO - [2023-02-17T23:52:33.404+0000] {dag.py:3441} INFO - Setting next_dagrun for booking_ingestion to 2023-02-17T23:22:06.849420+00:00, run_after=2023-02-18T23:22:06.849420+00:00
[2023-02-17T23:52:33.417+0000] {processor.py:175} INFO - Processing /opt/airflow/dags/data_ingestion_dag/main.py took 0.280 seconds
[2023-02-17T23:53:04.068+0000] {processor.py:153} INFO - Started process (PID=897) to work on /opt/airflow/dags/data_ingestion_dag/main.py
[2023-02-17T23:53:04.070+0000] {processor.py:743} INFO - Processing file /opt/airflow/dags/data_ingestion_dag/main.py for tasks to queue
[2023-02-17T23:53:04.071+0000] {logging_mixin.py:137} INFO - [2023-02-17T23:53:04.071+0000] {dagbag.py:538} INFO - Filling up the DagBag from /opt/airflow/dags/data_ingestion_dag/main.py
[2023-02-17T23:53:04.212+0000] {processor.py:753} INFO - DAG(s) dict_keys(['booking_ingestion']) retrieved from /opt/airflow/dags/data_ingestion_dag/main.py
[2023-02-17T23:53:04.233+0000] {logging_mixin.py:137} INFO - [2023-02-17T23:53:04.233+0000] {dag.py:2690} INFO - Sync 1 DAGs
[2023-02-17T23:53:04.254+0000] {logging_mixin.py:137} INFO - [2023-02-17T23:53:04.254+0000] {dag.py:3441} INFO - Setting next_dagrun for booking_ingestion to 2023-02-17T23:22:06.849420+00:00, run_after=2023-02-18T23:22:06.849420+00:00
[2023-02-17T23:53:04.266+0000] {processor.py:175} INFO - Processing /opt/airflow/dags/data_ingestion_dag/main.py took 0.200 seconds
[2023-02-17T23:53:34.552+0000] {processor.py:153} INFO - Started process (PID=974) to work on /opt/airflow/dags/data_ingestion_dag/main.py
[2023-02-17T23:53:34.554+0000] {processor.py:743} INFO - Processing file /opt/airflow/dags/data_ingestion_dag/main.py for tasks to queue
[2023-02-17T23:53:34.560+0000] {logging_mixin.py:137} INFO - [2023-02-17T23:53:34.560+0000] {dagbag.py:538} INFO - Filling up the DagBag from /opt/airflow/dags/data_ingestion_dag/main.py
[2023-02-17T23:53:34.787+0000] {processor.py:753} INFO - DAG(s) dict_keys(['booking_ingestion']) retrieved from /opt/airflow/dags/data_ingestion_dag/main.py
[2023-02-17T23:53:34.814+0000] {logging_mixin.py:137} INFO - [2023-02-17T23:53:34.814+0000] {dag.py:2690} INFO - Sync 1 DAGs
[2023-02-17T23:53:34.833+0000] {logging_mixin.py:137} INFO - [2023-02-17T23:53:34.832+0000] {dag.py:3441} INFO - Setting next_dagrun for booking_ingestion to 2023-02-17T23:22:06.849420+00:00, run_after=2023-02-18T23:22:06.849420+00:00
[2023-02-17T23:53:34.848+0000] {processor.py:175} INFO - Processing /opt/airflow/dags/data_ingestion_dag/main.py took 0.298 seconds
[2023-02-17T23:54:05.616+0000] {processor.py:153} INFO - Started process (PID=1040) to work on /opt/airflow/dags/data_ingestion_dag/main.py
[2023-02-17T23:54:05.621+0000] {processor.py:743} INFO - Processing file /opt/airflow/dags/data_ingestion_dag/main.py for tasks to queue
[2023-02-17T23:54:05.628+0000] {logging_mixin.py:137} INFO - [2023-02-17T23:54:05.628+0000] {dagbag.py:538} INFO - Filling up the DagBag from /opt/airflow/dags/data_ingestion_dag/main.py
[2023-02-17T23:54:05.789+0000] {processor.py:753} INFO - DAG(s) dict_keys(['booking_ingestion']) retrieved from /opt/airflow/dags/data_ingestion_dag/main.py
[2023-02-17T23:54:05.810+0000] {logging_mixin.py:137} INFO - [2023-02-17T23:54:05.810+0000] {dag.py:2690} INFO - Sync 1 DAGs
[2023-02-17T23:54:05.828+0000] {logging_mixin.py:137} INFO - [2023-02-17T23:54:05.828+0000] {dag.py:3441} INFO - Setting next_dagrun for booking_ingestion to 2023-02-17T23:22:06.849420+00:00, run_after=2023-02-18T23:22:06.849420+00:00
[2023-02-17T23:54:05.842+0000] {processor.py:175} INFO - Processing /opt/airflow/dags/data_ingestion_dag/main.py took 0.231 seconds
[2023-02-17T23:54:36.519+0000] {processor.py:153} INFO - Started process (PID=1118) to work on /opt/airflow/dags/data_ingestion_dag/main.py
[2023-02-17T23:54:36.522+0000] {processor.py:743} INFO - Processing file /opt/airflow/dags/data_ingestion_dag/main.py for tasks to queue
[2023-02-17T23:54:36.525+0000] {logging_mixin.py:137} INFO - [2023-02-17T23:54:36.525+0000] {dagbag.py:538} INFO - Filling up the DagBag from /opt/airflow/dags/data_ingestion_dag/main.py
[2023-02-17T23:54:36.681+0000] {processor.py:753} INFO - DAG(s) dict_keys(['booking_ingestion']) retrieved from /opt/airflow/dags/data_ingestion_dag/main.py
[2023-02-17T23:54:36.702+0000] {logging_mixin.py:137} INFO - [2023-02-17T23:54:36.702+0000] {dag.py:2690} INFO - Sync 1 DAGs
[2023-02-17T23:54:36.720+0000] {logging_mixin.py:137} INFO - [2023-02-17T23:54:36.720+0000] {dag.py:3441} INFO - Setting next_dagrun for booking_ingestion to 2023-02-17T23:22:06.849420+00:00, run_after=2023-02-18T23:22:06.849420+00:00
[2023-02-17T23:54:36.734+0000] {processor.py:175} INFO - Processing /opt/airflow/dags/data_ingestion_dag/main.py took 0.219 seconds
[2023-02-17T23:55:07.374+0000] {processor.py:153} INFO - Started process (PID=1195) to work on /opt/airflow/dags/data_ingestion_dag/main.py
[2023-02-17T23:55:07.375+0000] {processor.py:743} INFO - Processing file /opt/airflow/dags/data_ingestion_dag/main.py for tasks to queue
[2023-02-17T23:55:07.376+0000] {logging_mixin.py:137} INFO - [2023-02-17T23:55:07.376+0000] {dagbag.py:538} INFO - Filling up the DagBag from /opt/airflow/dags/data_ingestion_dag/main.py
[2023-02-17T23:55:07.520+0000] {processor.py:753} INFO - DAG(s) dict_keys(['booking_ingestion']) retrieved from /opt/airflow/dags/data_ingestion_dag/main.py
[2023-02-17T23:55:07.544+0000] {logging_mixin.py:137} INFO - [2023-02-17T23:55:07.544+0000] {dag.py:2690} INFO - Sync 1 DAGs
[2023-02-17T23:55:07.560+0000] {logging_mixin.py:137} INFO - [2023-02-17T23:55:07.560+0000] {dag.py:3441} INFO - Setting next_dagrun for booking_ingestion to 2023-02-17T23:22:06.849420+00:00, run_after=2023-02-18T23:22:06.849420+00:00
[2023-02-17T23:55:07.573+0000] {processor.py:175} INFO - Processing /opt/airflow/dags/data_ingestion_dag/main.py took 0.202 seconds
[2023-02-17T23:55:38.261+0000] {processor.py:153} INFO - Started process (PID=1262) to work on /opt/airflow/dags/data_ingestion_dag/main.py
[2023-02-17T23:55:38.263+0000] {processor.py:743} INFO - Processing file /opt/airflow/dags/data_ingestion_dag/main.py for tasks to queue
[2023-02-17T23:55:38.264+0000] {logging_mixin.py:137} INFO - [2023-02-17T23:55:38.264+0000] {dagbag.py:538} INFO - Filling up the DagBag from /opt/airflow/dags/data_ingestion_dag/main.py
[2023-02-17T23:55:38.438+0000] {processor.py:753} INFO - DAG(s) dict_keys(['booking_ingestion']) retrieved from /opt/airflow/dags/data_ingestion_dag/main.py
[2023-02-17T23:55:38.462+0000] {logging_mixin.py:137} INFO - [2023-02-17T23:55:38.462+0000] {dag.py:2690} INFO - Sync 1 DAGs
[2023-02-17T23:55:38.481+0000] {logging_mixin.py:137} INFO - [2023-02-17T23:55:38.481+0000] {dag.py:3441} INFO - Setting next_dagrun for booking_ingestion to 2023-02-17T23:22:06.849420+00:00, run_after=2023-02-18T23:22:06.849420+00:00
[2023-02-17T23:55:38.499+0000] {processor.py:175} INFO - Processing /opt/airflow/dags/data_ingestion_dag/main.py took 0.241 seconds
[2023-02-17T23:56:08.850+0000] {processor.py:153} INFO - Started process (PID=1339) to work on /opt/airflow/dags/data_ingestion_dag/main.py
[2023-02-17T23:56:08.853+0000] {processor.py:743} INFO - Processing file /opt/airflow/dags/data_ingestion_dag/main.py for tasks to queue
[2023-02-17T23:56:08.855+0000] {logging_mixin.py:137} INFO - [2023-02-17T23:56:08.855+0000] {dagbag.py:538} INFO - Filling up the DagBag from /opt/airflow/dags/data_ingestion_dag/main.py
[2023-02-17T23:56:09.009+0000] {processor.py:753} INFO - DAG(s) dict_keys(['booking_ingestion']) retrieved from /opt/airflow/dags/data_ingestion_dag/main.py
[2023-02-17T23:56:09.032+0000] {logging_mixin.py:137} INFO - [2023-02-17T23:56:09.032+0000] {dag.py:2690} INFO - Sync 1 DAGs
[2023-02-17T23:56:09.051+0000] {logging_mixin.py:137} INFO - [2023-02-17T23:56:09.051+0000] {dag.py:3441} INFO - Setting next_dagrun for booking_ingestion to 2023-02-17T23:22:06.849420+00:00, run_after=2023-02-18T23:22:06.849420+00:00
[2023-02-17T23:56:09.069+0000] {processor.py:175} INFO - Processing /opt/airflow/dags/data_ingestion_dag/main.py took 0.223 seconds
[2023-02-17T23:56:39.372+0000] {processor.py:153} INFO - Started process (PID=1416) to work on /opt/airflow/dags/data_ingestion_dag/main.py
[2023-02-17T23:56:39.373+0000] {processor.py:743} INFO - Processing file /opt/airflow/dags/data_ingestion_dag/main.py for tasks to queue
[2023-02-17T23:56:39.375+0000] {logging_mixin.py:137} INFO - [2023-02-17T23:56:39.375+0000] {dagbag.py:538} INFO - Filling up the DagBag from /opt/airflow/dags/data_ingestion_dag/main.py
[2023-02-17T23:56:39.521+0000] {processor.py:753} INFO - DAG(s) dict_keys(['booking_ingestion']) retrieved from /opt/airflow/dags/data_ingestion_dag/main.py
[2023-02-17T23:56:39.541+0000] {logging_mixin.py:137} INFO - [2023-02-17T23:56:39.541+0000] {dag.py:2690} INFO - Sync 1 DAGs
[2023-02-17T23:56:39.558+0000] {logging_mixin.py:137} INFO - [2023-02-17T23:56:39.558+0000] {dag.py:3441} INFO - Setting next_dagrun for booking_ingestion to 2023-02-17T23:22:06.849420+00:00, run_after=2023-02-18T23:22:06.849420+00:00
[2023-02-17T23:56:39.572+0000] {processor.py:175} INFO - Processing /opt/airflow/dags/data_ingestion_dag/main.py took 0.203 seconds
[2023-02-17T23:57:10.064+0000] {processor.py:153} INFO - Started process (PID=1481) to work on /opt/airflow/dags/data_ingestion_dag/main.py
[2023-02-17T23:57:10.066+0000] {processor.py:743} INFO - Processing file /opt/airflow/dags/data_ingestion_dag/main.py for tasks to queue
[2023-02-17T23:57:10.068+0000] {logging_mixin.py:137} INFO - [2023-02-17T23:57:10.068+0000] {dagbag.py:538} INFO - Filling up the DagBag from /opt/airflow/dags/data_ingestion_dag/main.py
[2023-02-17T23:57:10.256+0000] {processor.py:753} INFO - DAG(s) dict_keys(['booking_ingestion']) retrieved from /opt/airflow/dags/data_ingestion_dag/main.py
[2023-02-17T23:57:10.288+0000] {logging_mixin.py:137} INFO - [2023-02-17T23:57:10.288+0000] {dag.py:2690} INFO - Sync 1 DAGs
[2023-02-17T23:57:10.306+0000] {logging_mixin.py:137} INFO - [2023-02-17T23:57:10.306+0000] {dag.py:3441} INFO - Setting next_dagrun for booking_ingestion to 2023-02-17T23:22:06.849420+00:00, run_after=2023-02-18T23:22:06.849420+00:00
[2023-02-17T23:57:10.319+0000] {processor.py:175} INFO - Processing /opt/airflow/dags/data_ingestion_dag/main.py took 0.258 seconds
[2023-02-17T23:57:40.587+0000] {processor.py:153} INFO - Started process (PID=1558) to work on /opt/airflow/dags/data_ingestion_dag/main.py
[2023-02-17T23:57:40.590+0000] {processor.py:743} INFO - Processing file /opt/airflow/dags/data_ingestion_dag/main.py for tasks to queue
[2023-02-17T23:57:40.592+0000] {logging_mixin.py:137} INFO - [2023-02-17T23:57:40.592+0000] {dagbag.py:538} INFO - Filling up the DagBag from /opt/airflow/dags/data_ingestion_dag/main.py
[2023-02-17T23:57:40.767+0000] {processor.py:753} INFO - DAG(s) dict_keys(['booking_ingestion']) retrieved from /opt/airflow/dags/data_ingestion_dag/main.py
[2023-02-17T23:57:40.787+0000] {logging_mixin.py:137} INFO - [2023-02-17T23:57:40.787+0000] {dag.py:2690} INFO - Sync 1 DAGs
[2023-02-17T23:57:40.803+0000] {logging_mixin.py:137} INFO - [2023-02-17T23:57:40.802+0000] {dag.py:3441} INFO - Setting next_dagrun for booking_ingestion to 2023-02-17T23:22:06.849420+00:00, run_after=2023-02-18T23:22:06.849420+00:00
[2023-02-17T23:57:40.816+0000] {processor.py:175} INFO - Processing /opt/airflow/dags/data_ingestion_dag/main.py took 0.232 seconds
[2023-02-17T23:57:57.076+0000] {processor.py:153} INFO - Started process (PID=1612) to work on /opt/airflow/dags/data_ingestion_dag/main.py
[2023-02-17T23:57:57.079+0000] {processor.py:743} INFO - Processing file /opt/airflow/dags/data_ingestion_dag/main.py for tasks to queue
[2023-02-17T23:57:57.080+0000] {logging_mixin.py:137} INFO - [2023-02-17T23:57:57.080+0000] {dagbag.py:538} INFO - Filling up the DagBag from /opt/airflow/dags/data_ingestion_dag/main.py
[2023-02-17T23:57:57.251+0000] {processor.py:753} INFO - DAG(s) dict_keys(['booking_ingestion']) retrieved from /opt/airflow/dags/data_ingestion_dag/main.py
[2023-02-17T23:57:57.273+0000] {logging_mixin.py:137} INFO - [2023-02-17T23:57:57.273+0000] {dag.py:2690} INFO - Sync 1 DAGs
[2023-02-17T23:57:57.291+0000] {logging_mixin.py:137} INFO - [2023-02-17T23:57:57.291+0000] {dag.py:3441} INFO - Setting next_dagrun for booking_ingestion to 2023-02-17T23:22:06.849420+00:00, run_after=2023-02-18T23:22:06.849420+00:00
[2023-02-17T23:57:57.308+0000] {processor.py:175} INFO - Processing /opt/airflow/dags/data_ingestion_dag/main.py took 0.236 seconds
[2023-02-17T23:58:27.826+0000] {processor.py:153} INFO - Started process (PID=1688) to work on /opt/airflow/dags/data_ingestion_dag/main.py
[2023-02-17T23:58:27.830+0000] {processor.py:743} INFO - Processing file /opt/airflow/dags/data_ingestion_dag/main.py for tasks to queue
[2023-02-17T23:58:27.832+0000] {logging_mixin.py:137} INFO - [2023-02-17T23:58:27.832+0000] {dagbag.py:538} INFO - Filling up the DagBag from /opt/airflow/dags/data_ingestion_dag/main.py
[2023-02-17T23:58:27.998+0000] {processor.py:753} INFO - DAG(s) dict_keys(['booking_ingestion']) retrieved from /opt/airflow/dags/data_ingestion_dag/main.py
[2023-02-17T23:58:28.024+0000] {logging_mixin.py:137} INFO - [2023-02-17T23:58:28.024+0000] {dag.py:2690} INFO - Sync 1 DAGs
[2023-02-17T23:58:28.043+0000] {logging_mixin.py:137} INFO - [2023-02-17T23:58:28.043+0000] {dag.py:3441} INFO - Setting next_dagrun for booking_ingestion to 2023-02-17T23:22:06.849420+00:00, run_after=2023-02-18T23:22:06.849420+00:00
[2023-02-17T23:58:28.058+0000] {processor.py:175} INFO - Processing /opt/airflow/dags/data_ingestion_dag/main.py took 0.235 seconds
[2023-02-17T23:58:58.458+0000] {processor.py:153} INFO - Started process (PID=1765) to work on /opt/airflow/dags/data_ingestion_dag/main.py
[2023-02-17T23:58:58.460+0000] {processor.py:743} INFO - Processing file /opt/airflow/dags/data_ingestion_dag/main.py for tasks to queue
[2023-02-17T23:58:58.462+0000] {logging_mixin.py:137} INFO - [2023-02-17T23:58:58.462+0000] {dagbag.py:538} INFO - Filling up the DagBag from /opt/airflow/dags/data_ingestion_dag/main.py
[2023-02-17T23:58:58.638+0000] {logging_mixin.py:137} INFO - [2023-02-17T23:58:58.635+0000] {dagbag.py:343} ERROR - Failed to import: /opt/airflow/dags/data_ingestion_dag/main.py
Traceback (most recent call last):
  File "/home/airflow/.local/lib/python3.7/site-packages/airflow/models/dagbag.py", line 339, in parse
    loader.exec_module(new_module)
  File "<frozen importlib._bootstrap_external>", line 728, in exec_module
  File "<frozen importlib._bootstrap>", line 219, in _call_with_frames_removed
  File "/opt/airflow/dags/data_ingestion_dag/main.py", line 87, in <module>
    task_2 = PostgresOperator(
NameError: name 'PostgresOperator' is not defined
[2023-02-17T23:58:58.640+0000] {processor.py:755} WARNING - No viable dags retrieved from /opt/airflow/dags/data_ingestion_dag/main.py
[2023-02-17T23:58:58.660+0000] {processor.py:175} INFO - Processing /opt/airflow/dags/data_ingestion_dag/main.py took 0.207 seconds
[2023-02-17T23:59:09.603+0000] {processor.py:153} INFO - Started process (PID=1779) to work on /opt/airflow/dags/data_ingestion_dag/main.py
[2023-02-17T23:59:09.605+0000] {processor.py:743} INFO - Processing file /opt/airflow/dags/data_ingestion_dag/main.py for tasks to queue
[2023-02-17T23:59:09.609+0000] {logging_mixin.py:137} INFO - [2023-02-17T23:59:09.609+0000] {dagbag.py:538} INFO - Filling up the DagBag from /opt/airflow/dags/data_ingestion_dag/main.py
[2023-02-17T23:59:09.791+0000] {logging_mixin.py:137} INFO - [2023-02-17T23:59:09.788+0000] {dagbag.py:343} ERROR - Failed to import: /opt/airflow/dags/data_ingestion_dag/main.py
Traceback (most recent call last):
  File "/home/airflow/.local/lib/python3.7/site-packages/airflow/models/dagbag.py", line 339, in parse
    loader.exec_module(new_module)
  File "<frozen importlib._bootstrap_external>", line 728, in exec_module
  File "<frozen importlib._bootstrap>", line 219, in _call_with_frames_removed
  File "/opt/airflow/dags/data_ingestion_dag/main.py", line 87, in <module>
    task_2 = PostgresOperator(
NameError: name 'PostgresOperator' is not defined
[2023-02-17T23:59:09.793+0000] {processor.py:755} WARNING - No viable dags retrieved from /opt/airflow/dags/data_ingestion_dag/main.py
[2023-02-17T23:59:09.814+0000] {processor.py:175} INFO - Processing /opt/airflow/dags/data_ingestion_dag/main.py took 0.215 seconds
[2023-02-17T23:59:40.536+0000] {processor.py:153} INFO - Started process (PID=1844) to work on /opt/airflow/dags/data_ingestion_dag/main.py
[2023-02-17T23:59:40.537+0000] {processor.py:743} INFO - Processing file /opt/airflow/dags/data_ingestion_dag/main.py for tasks to queue
[2023-02-17T23:59:40.539+0000] {logging_mixin.py:137} INFO - [2023-02-17T23:59:40.539+0000] {dagbag.py:538} INFO - Filling up the DagBag from /opt/airflow/dags/data_ingestion_dag/main.py
[2023-02-17T23:59:40.690+0000] {logging_mixin.py:137} INFO - [2023-02-17T23:59:40.687+0000] {dagbag.py:343} ERROR - Failed to import: /opt/airflow/dags/data_ingestion_dag/main.py
Traceback (most recent call last):
  File "/home/airflow/.local/lib/python3.7/site-packages/airflow/models/dagbag.py", line 339, in parse
    loader.exec_module(new_module)
  File "<frozen importlib._bootstrap_external>", line 728, in exec_module
  File "<frozen importlib._bootstrap>", line 219, in _call_with_frames_removed
  File "/opt/airflow/dags/data_ingestion_dag/main.py", line 87, in <module>
    task_2 = PostgresOperator(
NameError: name 'PostgresOperator' is not defined
[2023-02-17T23:59:40.692+0000] {processor.py:755} WARNING - No viable dags retrieved from /opt/airflow/dags/data_ingestion_dag/main.py
[2023-02-17T23:59:40.709+0000] {processor.py:175} INFO - Processing /opt/airflow/dags/data_ingestion_dag/main.py took 0.177 seconds
[2023-02-17T23:59:43.571+0000] {processor.py:153} INFO - Started process (PID=1859) to work on /opt/airflow/dags/data_ingestion_dag/main.py
[2023-02-17T23:59:43.573+0000] {processor.py:743} INFO - Processing file /opt/airflow/dags/data_ingestion_dag/main.py for tasks to queue
[2023-02-17T23:59:43.576+0000] {logging_mixin.py:137} INFO - [2023-02-17T23:59:43.576+0000] {dagbag.py:538} INFO - Filling up the DagBag from /opt/airflow/dags/data_ingestion_dag/main.py
[2023-02-17T23:59:43.734+0000] {logging_mixin.py:137} INFO - [2023-02-17T23:59:43.731+0000] {dagbag.py:343} ERROR - Failed to import: /opt/airflow/dags/data_ingestion_dag/main.py
Traceback (most recent call last):
  File "/home/airflow/.local/lib/python3.7/site-packages/airflow/models/dagbag.py", line 339, in parse
    loader.exec_module(new_module)
  File "<frozen importlib._bootstrap_external>", line 728, in exec_module
  File "<frozen importlib._bootstrap>", line 219, in _call_with_frames_removed
  File "/opt/airflow/dags/data_ingestion_dag/main.py", line 66, in <module>
    task_2 = PostgresOperator(
NameError: name 'PostgresOperator' is not defined
[2023-02-17T23:59:43.735+0000] {processor.py:755} WARNING - No viable dags retrieved from /opt/airflow/dags/data_ingestion_dag/main.py
[2023-02-17T23:59:43.754+0000] {processor.py:175} INFO - Processing /opt/airflow/dags/data_ingestion_dag/main.py took 0.186 seconds
