[2023-02-17T22:24:44.431+0000] {taskinstance.py:1083} INFO - Dependencies all met for <TaskInstance: tutorial_dag.transform manual__2023-02-17T22:24:42.156360+00:00 [queued]>
[2023-02-17T22:24:44.441+0000] {taskinstance.py:1083} INFO - Dependencies all met for <TaskInstance: tutorial_dag.transform manual__2023-02-17T22:24:42.156360+00:00 [queued]>
[2023-02-17T22:24:44.442+0000] {taskinstance.py:1279} INFO - 
--------------------------------------------------------------------------------
[2023-02-17T22:24:44.443+0000] {taskinstance.py:1280} INFO - Starting attempt 1 of 3
[2023-02-17T22:24:44.443+0000] {taskinstance.py:1281} INFO - 
--------------------------------------------------------------------------------
[2023-02-17T22:24:44.454+0000] {taskinstance.py:1300} INFO - Executing <Task(PythonOperator): transform> on 2023-02-17 22:24:42.156360+00:00
[2023-02-17T22:24:44.460+0000] {standard_task_runner.py:55} INFO - Started process 1112 to run task
[2023-02-17T22:24:44.463+0000] {standard_task_runner.py:82} INFO - Running: ['***', 'tasks', 'run', 'tutorial_dag', 'transform', 'manual__2023-02-17T22:24:42.156360+00:00', '--job-id', '39', '--raw', '--subdir', '/home/***/.local/lib/python3.7/site-packages/***/example_dags/tutorial_dag.py', '--cfg-path', '/tmp/tmpv4akln_i']
[2023-02-17T22:24:44.465+0000] {standard_task_runner.py:83} INFO - Job 39: Subtask transform
[2023-02-17T22:24:44.527+0000] {task_command.py:388} INFO - Running <TaskInstance: tutorial_dag.transform manual__2023-02-17T22:24:42.156360+00:00 [running]> on host 5a1346a07fd9
[2023-02-17T22:24:44.590+0000] {taskinstance.py:1509} INFO - Exporting the following env vars:
AIRFLOW_CTX_DAG_OWNER=***
AIRFLOW_CTX_DAG_ID=tutorial_dag
AIRFLOW_CTX_TASK_ID=transform
AIRFLOW_CTX_EXECUTION_DATE=2023-02-17T22:24:42.156360+00:00
AIRFLOW_CTX_TRY_NUMBER=1
AIRFLOW_CTX_DAG_RUN_ID=manual__2023-02-17T22:24:42.156360+00:00
[2023-02-17T22:24:44.624+0000] {python.py:177} INFO - Done. Returned value was: None
[2023-02-17T22:24:44.634+0000] {taskinstance.py:1323} INFO - Marking task as SUCCESS. dag_id=tutorial_dag, task_id=transform, execution_date=20230217T222442, start_date=20230217T222444, end_date=20230217T222444
[2023-02-17T22:24:44.676+0000] {local_task_job.py:208} INFO - Task exited with return code 0
[2023-02-17T22:24:44.699+0000] {taskinstance.py:2578} INFO - 1 downstream tasks scheduled from follow-on schedule check
