[2023-02-18T00:07:34.150+0000] {taskinstance.py:1083} INFO - Dependencies all met for <TaskInstance: booking_ingestion.transform_data manual__2023-02-18T00:07:32.993459+00:00 [queued]>
[2023-02-18T00:07:34.160+0000] {taskinstance.py:1083} INFO - Dependencies all met for <TaskInstance: booking_ingestion.transform_data manual__2023-02-18T00:07:32.993459+00:00 [queued]>
[2023-02-18T00:07:34.161+0000] {taskinstance.py:1279} INFO - 
--------------------------------------------------------------------------------
[2023-02-18T00:07:34.163+0000] {taskinstance.py:1280} INFO - Starting attempt 1 of 1
[2023-02-18T00:07:34.163+0000] {taskinstance.py:1281} INFO - 
--------------------------------------------------------------------------------
[2023-02-18T00:07:34.173+0000] {taskinstance.py:1300} INFO - Executing <Task(PythonOperator): transform_data> on 2023-02-18 00:07:32.993459+00:00
[2023-02-18T00:07:34.179+0000] {standard_task_runner.py:55} INFO - Started process 1382 to run task
[2023-02-18T00:07:34.183+0000] {standard_task_runner.py:82} INFO - Running: ['***', 'tasks', 'run', 'booking_ingestion', 'transform_data', 'manual__2023-02-18T00:07:32.993459+00:00', '--job-id', '158', '--raw', '--subdir', 'DAGS_FOLDER/data_ingestion_dag/main.py', '--cfg-path', '/tmp/tmpbfl_g5l7']
[2023-02-18T00:07:34.185+0000] {standard_task_runner.py:83} INFO - Job 158: Subtask transform_data
[2023-02-18T00:07:34.247+0000] {task_command.py:388} INFO - Running <TaskInstance: booking_ingestion.transform_data manual__2023-02-18T00:07:32.993459+00:00 [running]> on host f01ad4775be8
[2023-02-18T00:07:34.300+0000] {taskinstance.py:1509} INFO - Exporting the following env vars:
AIRFLOW_CTX_DAG_OWNER=***
AIRFLOW_CTX_DAG_ID=booking_ingestion
AIRFLOW_CTX_TASK_ID=transform_data
AIRFLOW_CTX_EXECUTION_DATE=2023-02-18T00:07:32.993459+00:00
AIRFLOW_CTX_TRY_NUMBER=1
AIRFLOW_CTX_DAG_RUN_ID=manual__2023-02-18T00:07:32.993459+00:00
[2023-02-18T00:07:34.325+0000] {warnings.py:110} WARNING - /opt/***/dags/data_ingestion_dag/main.py:41: FutureWarning: In a future version of pandas all arguments of DataFrame.drop except for the argument 'labels' will be keyword-only
  data = data.drop('address', 1)

[2023-02-18T00:07:34.337+0000] {python.py:177} INFO - Done. Returned value was: None
[2023-02-18T00:07:34.347+0000] {taskinstance.py:1323} INFO - Marking task as SUCCESS. dag_id=booking_ingestion, task_id=transform_data, execution_date=20230218T000732, start_date=20230218T000734, end_date=20230218T000734
[2023-02-18T00:07:34.395+0000] {local_task_job.py:208} INFO - Task exited with return code 0
[2023-02-18T00:07:34.414+0000] {taskinstance.py:2578} INFO - 1 downstream tasks scheduled from follow-on schedule check
