[2023-02-18T01:09:26.802+0000] {taskinstance.py:1083} INFO - Dependencies all met for <TaskInstance: booking_ingestion.create_table manual__2023-02-18T01:09:24.575346+00:00 [queued]>
[2023-02-18T01:09:26.809+0000] {taskinstance.py:1083} INFO - Dependencies all met for <TaskInstance: booking_ingestion.create_table manual__2023-02-18T01:09:24.575346+00:00 [queued]>
[2023-02-18T01:09:26.810+0000] {taskinstance.py:1279} INFO - 
--------------------------------------------------------------------------------
[2023-02-18T01:09:26.811+0000] {taskinstance.py:1280} INFO - Starting attempt 1 of 1
[2023-02-18T01:09:26.812+0000] {taskinstance.py:1281} INFO - 
--------------------------------------------------------------------------------
[2023-02-18T01:09:26.821+0000] {taskinstance.py:1300} INFO - Executing <Task(PostgresOperator): create_table> on 2023-02-18 01:09:24.575346+00:00
[2023-02-18T01:09:26.826+0000] {standard_task_runner.py:55} INFO - Started process 2092 to run task
[2023-02-18T01:09:26.830+0000] {standard_task_runner.py:82} INFO - Running: ['***', 'tasks', 'run', 'booking_ingestion', 'create_table', 'manual__2023-02-18T01:09:24.575346+00:00', '--job-id', '288', '--raw', '--subdir', 'DAGS_FOLDER/data_ingestion_dag/main.py', '--cfg-path', '/tmp/tmp52knop2_']
[2023-02-18T01:09:26.831+0000] {standard_task_runner.py:83} INFO - Job 288: Subtask create_table
[2023-02-18T01:09:26.896+0000] {task_command.py:388} INFO - Running <TaskInstance: booking_ingestion.create_table manual__2023-02-18T01:09:24.575346+00:00 [running]> on host d92f32803fb9
[2023-02-18T01:09:26.949+0000] {taskinstance.py:1509} INFO - Exporting the following env vars:
AIRFLOW_CTX_DAG_OWNER=***
AIRFLOW_CTX_DAG_ID=booking_ingestion
AIRFLOW_CTX_TASK_ID=create_table
AIRFLOW_CTX_EXECUTION_DATE=2023-02-18T01:09:24.575346+00:00
AIRFLOW_CTX_TRY_NUMBER=1
AIRFLOW_CTX_DAG_RUN_ID=manual__2023-02-18T01:09:24.575346+00:00
[2023-02-18T01:09:26.957+0000] {sql.py:254} INFO - Executing: 
             CREATE TABLE IF NOT EXISTS booking_record (
                    client_id INTEGER NOT NULL,
                    booking_date varchar(50) NOT NULL,
                    room_type varchar(512) NOT NULL,
                    hotel_id INTEGER NOT NULL,
                    booking_cost NUMERIC,
                    currency varchar(50),
                    age INTEGER,
                    client_name varchar(512),
                    client_type varchar(512),
                    hotel_name varchar(512)
                    );
          
[2023-02-18T01:09:26.967+0000] {base.py:73} INFO - Using connection ID 'postgres_db' for task execution.
[2023-02-18T01:09:27.069+0000] {base.py:73} INFO - Using connection ID 'postgres_db' for task execution.
[2023-02-18T01:09:27.075+0000] {sql.py:375} INFO - Running statement: 
             CREATE TABLE IF NOT EXISTS booking_record (
                    client_id INTEGER NOT NULL,
                    booking_date varchar(50) NOT NULL,
                    room_type varchar(512) NOT NULL,
                    hotel_id INTEGER NOT NULL,
                    booking_cost NUMERIC,
                    currency varchar(50),
                    age INTEGER,
                    client_name varchar(512),
                    client_type varchar(512),
                    hotel_name varchar(512)
                    );
          , parameters: None
[2023-02-18T01:09:27.088+0000] {taskinstance.py:1323} INFO - Marking task as SUCCESS. dag_id=booking_ingestion, task_id=create_table, execution_date=20230218T010924, start_date=20230218T010926, end_date=20230218T010927
[2023-02-18T01:09:27.123+0000] {local_task_job.py:208} INFO - Task exited with return code 0
[2023-02-18T01:09:27.144+0000] {taskinstance.py:2578} INFO - 1 downstream tasks scheduled from follow-on schedule check
